[HTTP] Binding to address: :1080
Creating API v1 with WebPath: 
Creating API v2 with WebPath: 
[APIv1] KEEPALIVE /api/v1/events
[APIv1] KEEPALIVE /api/v1/events
[APIv1] KEEPALIVE /api/v1/events
[APIv1] KEEPALIVE /api/v1/events
[APIv1] KEEPALIVE /api/v1/events
[APIv1] KEEPALIVE /api/v1/events
[APIv1] KEEPALIVE /api/v1/events
[APIv1] KEEPALIVE /api/v1/events
[APIv1] KEEPALIVE /api/v1/events
[APIv1] KEEPALIVE /api/v1/events
[APIv1] KEEPALIVE /api/v1/events
[APIv1] KEEPALIVE /api/v1/events
[APIv1] KEEPALIVE /api/v1/events
[APIv1] KEEPALIVE /api/v1/events
[APIv1] KEEPALIVE /api/v1/events
[APIv1] KEEPALIVE /api/v1/events
[APIv1] KEEPALIVE /api/v1/events
[APIv1] KEEPALIVE /api/v1/events
Got message in APIv2 websocket channel
[APIv2] BROADCAST /api/v2/websocket
Got message in APIv1 event stream
Sending content: {
  "ID": "A7FA5UCMO29hNlNjpVrZLYTFFbjHBHbiimhXwaW9FYs=@mailhog.example",
  "From": {
    "Relays": null,
    "Mailbox": "www-data",
    "Domain": "4338bae43d3b",
    "Params": ""
  },
  "To": [
    {
      "Relays": null,
      "Mailbox": "mailhog",
      "Domain": "flywheel.local",
      "Params": ""
    }
  ],
  "Content": {
    "Headers": {
      "Content-Type": [
        "text/html; charset=UTF-8"
      ],
      "Date": [
        "Fri, 6 Sep 2019 04:12:15 +0000"
      ],
      "From": [
        "Placeholder \u003cwill@caulfield.co\u003e"
      ],
      "MIME-Version": [
        "1.0"
      ],
      "Message-ID": [
        "\u003c051045a7a0714347f38c10b75633e6e9@amera.local\u003e"
      ],
      "Received": [
        "from localhost by mailhog.example (MailHog)\r\n          id A7FA5UCMO29hNlNjpVrZLYTFFbjHBHbiimhXwaW9FYs=@mailhog.example; Fri, 06 Sep 2019 04:12:15 +0000"
      ],
      "Reply-To": [
        "will@caulfield.co"
      ],
      "Return-Path": [
        "\u003cwww-data@4338bae43d3b\u003e"
      ],
      "Subject": [
        "Congratulations! Registration Complete on Placeholder"
      ],
      "To": [
        "dubjaysee@gmail.com"
      ],
      "X-Mailer": [
        "PHPMailer 5.2.22 (https://github.com/PHPMailer/PHPMailer)"
      ],
      "X-PHP-Originating-Script": [
        "1000:class-phpmailer.php"
      ]
    },
    "Body": "Hi , \u003cbr/\u003e\r\n\r\nYou have successfully completed user registration on \u003ca href=\"http://amera.local\"\u003ePlaceholder\u003c/a\u003e. \u003cbr/\u003e\r\n\r\nPlease visit '\u003cb\u003eMy Account\u003c/b\u003e' page to edit your account details and create your user profile on \u003ca href=\"http://amera.local\"\u003ePlaceholder\u003c/a\u003e. \u003cbr/\u003e\r\n\r\nThank You!\r\n",
    "Size": 725,
    "MIME": null
  },
  "Created": "2019-09-06T04:12:15.979853965Z",
  "MIME": null,
  "Raw": {
    "From": "www-data@4338bae43d3b",
    "To": [
      "mailhog@flywheel.local"
    ],
    "Data": "To: dubjaysee@gmail.com\r\nSubject: Congratulations! Registration Complete on Placeholder\r\nX-PHP-Originating-Script: 1000:class-phpmailer.php\r\nDate: Fri, 6 Sep 2019 04:12:15 +0000\r\nFrom: Placeholder \u003cwill@caulfield.co\u003e\r\nReply-To: will@caulfield.co\r\nMessage-ID: \u003c051045a7a0714347f38c10b75633e6e9@amera.local\u003e\r\nX-Mailer: PHPMailer 5.2.22 (https://github.com/PHPMailer/PHPMailer)\r\nMIME-Version: 1.0\r\nContent-Type: text/html; charset=UTF-8\r\n\r\nHi , \u003cbr/\u003e\r\n\r\nYou have successfully completed user registration on \u003ca href=\"http://amera.local\"\u003ePlaceholder\u003c/a\u003e. \u003cbr/\u003e\r\n\r\nPlease visit '\u003cb\u003eMy Account\u003c/b\u003e' page to edit your account details and create your user profile on \u003ca href=\"http://amera.local\"\u003ePlaceholder\u003c/a\u003e. \u003cbr/\u003e\r\n\r\nThank You!\r\n",
    "Helo": "localhost"
  }
}

[APIv1] BROADCAST /api/v1/events
Got message in APIv2 websocket channel
[APIv2] BROADCAST /api/v2/websocket
Got message in APIv1 event stream
Sending content: {
  "ID": "703oe398GluTGUfO3SHKRkjo1htm_rvIIo476hLW3aY=@mailhog.example",
  "From": {
    "Relays": null,
    "Mailbox": "www-data",
    "Domain": "4338bae43d3b",
    "Params": ""
  },
  "To": [
    {
      "Relays": null,
      "Mailbox": "mailhog",
      "Domain": "flywheel.local",
      "Params": ""
    }
  ],
  "Content": {
    "Headers": {
      "Content-Type": [
        "text/html; charset=UTF-8"
      ],
      "Date": [
        "Fri, 6 Sep 2019 04:12:15 +0000"
      ],
      "From": [
        "Placeholder \u003cwill@caulfield.co\u003e"
      ],
      "MIME-Version": [
        "1.0"
      ],
      "Message-ID": [
        "\u003cd8c98970b5965948eb2a61b9e3f5b710@amera.local\u003e"
      ],
      "Received": [
        "from localhost by mailhog.example (MailHog)\r\n          id 703oe398GluTGUfO3SHKRkjo1htm_rvIIo476hLW3aY=@mailhog.example; Fri, 06 Sep 2019 04:12:15 +0000"
      ],
      "Reply-To": [
        "dubjaysee@gmail.com"
      ],
      "Return-Path": [
        "\u003cwww-data@4338bae43d3b\u003e"
      ],
      "Subject": [
        "A New User Registered"
      ],
      "To": [
        "will@caulfield.co"
      ],
      "X-Mailer": [
        "PHPMailer 5.2.22 (https://github.com/PHPMailer/PHPMailer)"
      ],
      "X-PHP-Originating-Script": [
        "1000:class-phpmailer.php"
      ]
    },
    "Body": "Hi Admin, \u003cbr/\u003e\r\n\r\nA new user  - dubjaysee@gmail.com has successfully registered to your site \u003ca href=\"http://amera.local\"\u003ePlaceholder\u003c/a\u003e. \u003cbr/\u003e\r\n\r\nPlease review the user role and details at '\u003cb\u003eUsers\u003c/b\u003e' menu in your WP dashboard. \u003cbr/\u003e\r\n\r\nThank You!\r\n",
    "Size": 660,
    "MIME": null
  },
  "Created": "2019-09-06T04:12:15.997093818Z",
  "MIME": null,
  "Raw": {
    "From": "www-data@4338bae43d3b",
    "To": [
      "mailhog@flywheel.local"
    ],
    "Data": "To: will@caulfield.co\r\nSubject: A New User Registered\r\nX-PHP-Originating-Script: 1000:class-phpmailer.php\r\nDate: Fri, 6 Sep 2019 04:12:15 +0000\r\nFrom: Placeholder \u003cwill@caulfield.co\u003e\r\nReply-To: dubjaysee@gmail.com\r\nMessage-ID: \u003cd8c98970b5965948eb2a61b9e3f5b710@amera.local\u003e\r\nX-Mailer: PHPMailer 5.2.22 (https://github.com/PHPMailer/PHPMailer)\r\nMIME-Version: 1.0\r\nContent-Type: text/html; charset=UTF-8\r\n\r\nHi Admin, \u003cbr/\u003e\r\n\r\nA new user  - dubjaysee@gmail.com has successfully registered to your site \u003ca href=\"http://amera.local\"\u003ePlaceholder\u003c/a\u003e. \u003cbr/\u003e\r\n\r\nPlease review the user role and details at '\u003cb\u003eUsers\u003c/b\u003e' menu in your WP dashboard. \u003cbr/\u003e\r\n\r\nThank You!\r\n",
    "Helo": "localhost"
  }
}

[APIv1] BROADCAST /api/v1/events
[APIv1] KEEPALIVE /api/v1/events
[APIv1] KEEPALIVE /api/v1/events
[APIv1] KEEPALIVE /api/v1/events
[APIv1] KEEPALIVE /api/v1/events
[APIv1] KEEPALIVE /api/v1/events
[APIv1] KEEPALIVE /api/v1/events
[APIv1] KEEPALIVE /api/v1/events
[APIv1] KEEPALIVE /api/v1/events
