2019-09-03 16:12:35,198 CRIT Supervisor running as root (no user in config file)
2019-09-03 16:12:35,198 INFO Included extra file "/etc/supervisor/conf.d/supervisord.conf" during parsing
2019-09-03 16:12:35,270 INFO RPC interface 'supervisor' initialized
2019-09-03 16:12:35,270 CRIT Server 'unix_http_server' running without any HTTP authentication checking
2019-09-03 16:12:35,271 INFO supervisord started with pid 1
2019-09-03 16:12:36,278 INFO spawned: 'varnishd' with pid 15
2019-09-03 16:12:36,293 INFO spawned: 'php-fpm' with pid 16
2019-09-03 16:12:36,317 INFO spawned: 'varnish-plugins-watcher' with pid 17
2019-09-03 16:12:36,347 INFO spawned: 'nginx' with pid 18
2019-09-03 16:12:36,419 INFO spawned: 'MailHog' with pid 19
2019-09-03 16:12:36,430 INFO spawned: 'mysql' with pid 20
2019-09-03 16:12:36,589 INFO spawned: 'varnish-themes-watcher' with pid 23
2019-09-03 16:12:37,929 INFO success: varnishd entered RUNNING state, process has stayed up for > than 1 seconds (startsecs)
2019-09-03 16:12:37,929 INFO success: php-fpm entered RUNNING state, process has stayed up for > than 1 seconds (startsecs)
2019-09-03 16:12:37,930 INFO success: varnish-plugins-watcher entered RUNNING state, process has stayed up for > than 1 seconds (startsecs)
2019-09-03 16:12:37,930 INFO success: nginx entered RUNNING state, process has stayed up for > than 1 seconds (startsecs)
2019-09-03 16:12:37,930 INFO success: MailHog entered RUNNING state, process has stayed up for > than 1 seconds (startsecs)
2019-09-03 16:12:37,931 INFO success: mysql entered RUNNING state, process has stayed up for > than 1 seconds (startsecs)
2019-09-03 16:12:37,931 INFO success: varnish-themes-watcher entered RUNNING state, process has stayed up for > than 1 seconds (startsecs)
2019-09-04 00:24:17,753 WARN received SIGTERM indicating exit request
2019-09-04 00:24:17,761 INFO waiting for varnishd, php-fpm, varnish-plugins-watcher, nginx, MailHog, mysql, varnish-themes-watcher to die
2019-09-04 00:24:18,762 INFO stopped: varnish-themes-watcher (terminated by SIGTERM)
2019-09-04 00:24:18,806 INFO stopped: mysql (exit status 0)
2019-09-04 00:24:18,809 INFO stopped: MailHog (terminated by SIGTERM)
2019-09-04 00:24:18,825 INFO stopped: nginx (exit status 0)
2019-09-04 00:24:19,832 INFO stopped: varnish-plugins-watcher (terminated by SIGTERM)
2019-09-04 00:24:19,876 INFO stopped: php-fpm (exit status 0)
2019-09-04 00:24:20,255 INFO reaped unknown pid 33
2019-09-04 00:24:20,506 INFO reaped unknown pid 21919
2019-09-04 00:24:20,853 INFO reaped unknown pid 21921
2019-09-04 00:24:20,854 INFO waiting for varnishd to die
2019-09-04 00:24:21,591 INFO stopped: varnishd (exit status 0)
2019-09-04 15:30:44,490 CRIT Supervisor running as root (no user in config file)
2019-09-04 15:30:44,491 INFO Included extra file "/etc/supervisor/conf.d/supervisord.conf" during parsing
2019-09-04 15:30:44,541 INFO RPC interface 'supervisor' initialized
2019-09-04 15:30:44,542 CRIT Server 'unix_http_server' running without any HTTP authentication checking
2019-09-04 15:30:44,542 INFO supervisord started with pid 1
2019-09-04 15:30:45,546 INFO spawned: 'varnishd' with pid 55
2019-09-04 15:30:45,552 INFO spawned: 'php-fpm' with pid 56
2019-09-04 15:30:45,556 INFO spawned: 'varnish-plugins-watcher' with pid 57
2019-09-04 15:30:45,570 INFO spawned: 'nginx' with pid 58
2019-09-04 15:30:45,595 INFO spawned: 'MailHog' with pid 59
2019-09-04 15:30:45,624 INFO spawned: 'mysql' with pid 60
2019-09-04 15:30:45,642 INFO spawned: 'varnish-themes-watcher' with pid 62
2019-09-04 15:30:46,825 INFO success: varnishd entered RUNNING state, process has stayed up for > than 1 seconds (startsecs)
2019-09-04 15:30:46,826 INFO success: php-fpm entered RUNNING state, process has stayed up for > than 1 seconds (startsecs)
2019-09-04 15:30:46,826 INFO success: varnish-plugins-watcher entered RUNNING state, process has stayed up for > than 1 seconds (startsecs)
2019-09-04 15:30:46,826 INFO success: nginx entered RUNNING state, process has stayed up for > than 1 seconds (startsecs)
2019-09-04 15:30:46,826 INFO success: MailHog entered RUNNING state, process has stayed up for > than 1 seconds (startsecs)
2019-09-04 15:30:46,826 INFO success: mysql entered RUNNING state, process has stayed up for > than 1 seconds (startsecs)
2019-09-04 15:30:46,826 INFO success: varnish-themes-watcher entered RUNNING state, process has stayed up for > than 1 seconds (startsecs)
2019-09-05 22:35:02,469 WARN received SIGTERM indicating exit request
2019-09-05 22:35:02,471 INFO waiting for varnishd, php-fpm, varnish-plugins-watcher, nginx, MailHog, mysql, varnish-themes-watcher to die
2019-09-05 22:35:03,473 INFO stopped: varnish-themes-watcher (terminated by SIGTERM)
2019-09-05 22:35:03,499 INFO stopped: mysql (exit status 0)
2019-09-05 22:35:03,501 INFO stopped: MailHog (terminated by SIGTERM)
2019-09-05 22:35:03,505 INFO stopped: nginx (exit status 0)
2019-09-05 22:35:04,508 INFO stopped: varnish-plugins-watcher (terminated by SIGTERM)
2019-09-05 22:35:04,530 INFO stopped: php-fpm (exit status 0)
2019-09-05 22:35:04,769 INFO reaped unknown pid 77
2019-09-05 22:35:05,533 INFO waiting for varnishd to die
2019-09-05 22:35:05,911 INFO stopped: varnishd (exit status 0)
2019-09-05 22:35:15,556 CRIT Supervisor running as root (no user in config file)
2019-09-05 22:35:15,556 INFO Included extra file "/etc/supervisor/conf.d/supervisord.conf" during parsing
2019-09-05 22:35:15,805 INFO RPC interface 'supervisor' initialized
2019-09-05 22:35:15,805 CRIT Server 'unix_http_server' running without any HTTP authentication checking
2019-09-05 22:35:15,806 INFO supervisord started with pid 1
2019-09-05 22:35:16,815 INFO spawned: 'varnishd' with pid 59
2019-09-05 22:35:16,820 INFO spawned: 'php-fpm' with pid 60
2019-09-05 22:35:16,836 INFO spawned: 'varnish-plugins-watcher' with pid 61
2019-09-05 22:35:16,877 INFO spawned: 'nginx' with pid 62
2019-09-05 22:35:16,885 INFO spawned: 'MailHog' with pid 63
2019-09-05 22:35:16,917 INFO spawned: 'mysql' with pid 64
2019-09-05 22:35:16,936 INFO spawned: 'varnish-themes-watcher' with pid 69
2019-09-05 22:35:18,081 INFO success: varnishd entered RUNNING state, process has stayed up for > than 1 seconds (startsecs)
2019-09-05 22:35:18,082 INFO success: php-fpm entered RUNNING state, process has stayed up for > than 1 seconds (startsecs)
2019-09-05 22:35:18,083 INFO success: varnish-plugins-watcher entered RUNNING state, process has stayed up for > than 1 seconds (startsecs)
2019-09-05 22:35:18,083 INFO success: nginx entered RUNNING state, process has stayed up for > than 1 seconds (startsecs)
2019-09-05 22:35:18,084 INFO success: MailHog entered RUNNING state, process has stayed up for > than 1 seconds (startsecs)
2019-09-05 22:35:18,084 INFO success: mysql entered RUNNING state, process has stayed up for > than 1 seconds (startsecs)
2019-09-05 22:35:18,084 INFO success: varnish-themes-watcher entered RUNNING state, process has stayed up for > than 1 seconds (startsecs)
2019-09-06 03:53:42,989 CRIT Supervisor running as root (no user in config file)
2019-09-06 03:53:42,990 INFO Included extra file "/etc/supervisor/conf.d/supervisord.conf" during parsing
2019-09-06 03:53:43,397 INFO RPC interface 'supervisor' initialized
2019-09-06 03:53:43,405 CRIT Server 'unix_http_server' running without any HTTP authentication checking
2019-09-06 03:53:43,410 INFO supervisord started with pid 1
2019-09-06 03:53:44,414 INFO spawned: 'varnishd' with pid 59
2019-09-06 03:53:44,422 INFO spawned: 'php-fpm' with pid 60
2019-09-06 03:53:44,428 INFO spawned: 'varnish-plugins-watcher' with pid 61
2019-09-06 03:53:44,455 INFO spawned: 'nginx' with pid 62
2019-09-06 03:53:44,492 INFO spawned: 'MailHog' with pid 63
2019-09-06 03:53:44,506 INFO spawned: 'mysql' with pid 64
2019-09-06 03:53:44,533 INFO spawned: 'varnish-themes-watcher' with pid 65
2019-09-06 03:53:45,808 INFO success: varnishd entered RUNNING state, process has stayed up for > than 1 seconds (startsecs)
2019-09-06 03:53:45,808 INFO success: php-fpm entered RUNNING state, process has stayed up for > than 1 seconds (startsecs)
2019-09-06 03:53:45,809 INFO success: varnish-plugins-watcher entered RUNNING state, process has stayed up for > than 1 seconds (startsecs)
2019-09-06 03:53:45,809 INFO success: nginx entered RUNNING state, process has stayed up for > than 1 seconds (startsecs)
2019-09-06 03:53:45,810 INFO success: MailHog entered RUNNING state, process has stayed up for > than 1 seconds (startsecs)
2019-09-06 03:53:45,810 INFO success: mysql entered RUNNING state, process has stayed up for > than 1 seconds (startsecs)
2019-09-06 03:53:45,810 INFO success: varnish-themes-watcher entered RUNNING state, process has stayed up for > than 1 seconds (startsecs)
2019-09-06 04:53:03,051 WARN received SIGTERM indicating exit request
2019-09-06 04:53:03,056 INFO waiting for varnishd, php-fpm, varnish-plugins-watcher, nginx, MailHog, mysql, varnish-themes-watcher to die
2019-09-06 04:53:04,057 INFO stopped: varnish-themes-watcher (terminated by SIGTERM)
2019-09-06 04:53:04,078 INFO stopped: mysql (exit status 0)
2019-09-06 04:53:04,080 INFO stopped: MailHog (terminated by SIGTERM)
2019-09-06 04:53:04,086 INFO stopped: nginx (exit status 0)
2019-09-06 04:53:05,089 INFO stopped: varnish-plugins-watcher (terminated by SIGTERM)
2019-09-06 04:53:05,116 INFO stopped: php-fpm (exit status 0)
2019-09-06 04:53:05,233 INFO reaped unknown pid 81
2019-09-06 04:53:06,122 INFO waiting for varnishd to die
2019-09-06 04:53:06,280 INFO stopped: varnishd (exit status 0)
2019-09-06 04:53:11,036 CRIT Supervisor running as root (no user in config file)
2019-09-06 04:53:11,037 INFO Included extra file "/etc/supervisor/conf.d/supervisord.conf" during parsing
2019-09-06 04:53:11,186 INFO RPC interface 'supervisor' initialized
2019-09-06 04:53:11,205 CRIT Server 'unix_http_server' running without any HTTP authentication checking
2019-09-06 04:53:11,214 INFO supervisord started with pid 1
2019-09-06 04:53:12,237 INFO spawned: 'varnishd' with pid 53
2019-09-06 04:53:12,248 INFO spawned: 'php-fpm' with pid 54
2019-09-06 04:53:12,274 INFO spawned: 'varnish-plugins-watcher' with pid 55
2019-09-06 04:53:12,343 INFO spawned: 'nginx' with pid 58
2019-09-06 04:53:12,383 INFO spawned: 'MailHog' with pid 62
2019-09-06 04:53:12,443 INFO spawned: 'mysql' with pid 65
2019-09-06 04:53:12,474 INFO spawned: 'varnish-themes-watcher' with pid 66
2019-09-06 04:53:13,578 INFO success: varnishd entered RUNNING state, process has stayed up for > than 1 seconds (startsecs)
2019-09-06 04:53:13,578 INFO success: php-fpm entered RUNNING state, process has stayed up for > than 1 seconds (startsecs)
2019-09-06 04:53:13,578 INFO success: varnish-plugins-watcher entered RUNNING state, process has stayed up for > than 1 seconds (startsecs)
2019-09-06 04:53:13,579 INFO success: nginx entered RUNNING state, process has stayed up for > than 1 seconds (startsecs)
2019-09-06 04:53:13,579 INFO success: MailHog entered RUNNING state, process has stayed up for > than 1 seconds (startsecs)
2019-09-06 04:53:13,579 INFO success: mysql entered RUNNING state, process has stayed up for > than 1 seconds (startsecs)
2019-09-06 04:53:13,579 INFO success: varnish-themes-watcher entered RUNNING state, process has stayed up for > than 1 seconds (startsecs)
2019-09-06 15:32:12,753 CRIT Supervisor running as root (no user in config file)
2019-09-06 15:32:12,753 INFO Included extra file "/etc/supervisor/conf.d/supervisord.conf" during parsing
2019-09-06 15:32:13,210 INFO RPC interface 'supervisor' initialized
2019-09-06 15:32:13,211 CRIT Server 'unix_http_server' running without any HTTP authentication checking
2019-09-06 15:32:13,212 INFO supervisord started with pid 1
2019-09-06 15:32:14,220 INFO spawned: 'varnishd' with pid 55
2019-09-06 15:32:14,228 INFO spawned: 'php-fpm' with pid 56
2019-09-06 15:32:14,241 INFO spawned: 'varnish-plugins-watcher' with pid 57
2019-09-06 15:32:14,271 INFO spawned: 'nginx' with pid 58
2019-09-06 15:32:14,305 INFO spawned: 'MailHog' with pid 59
2019-09-06 15:32:14,326 INFO spawned: 'mysql' with pid 61
2019-09-06 15:32:14,619 INFO spawned: 'varnish-themes-watcher' with pid 71
2019-09-06 15:32:15,684 INFO success: varnishd entered RUNNING state, process has stayed up for > than 1 seconds (startsecs)
2019-09-06 15:32:15,685 INFO success: php-fpm entered RUNNING state, process has stayed up for > than 1 seconds (startsecs)
2019-09-06 15:32:15,687 INFO success: varnish-plugins-watcher entered RUNNING state, process has stayed up for > than 1 seconds (startsecs)
2019-09-06 15:32:15,688 INFO success: nginx entered RUNNING state, process has stayed up for > than 1 seconds (startsecs)
2019-09-06 15:32:15,688 INFO success: MailHog entered RUNNING state, process has stayed up for > than 1 seconds (startsecs)
2019-09-06 15:32:15,688 INFO success: mysql entered RUNNING state, process has stayed up for > than 1 seconds (startsecs)
2019-09-06 15:32:15,688 INFO success: varnish-themes-watcher entered RUNNING state, process has stayed up for > than 1 seconds (startsecs)
2019-09-09 01:41:38,593 CRIT Supervisor running as root (no user in config file)
2019-09-09 01:41:38,593 INFO Included extra file "/etc/supervisor/conf.d/supervisord.conf" during parsing
2019-09-09 01:41:38,955 INFO RPC interface 'supervisor' initialized
2019-09-09 01:41:38,959 CRIT Server 'unix_http_server' running without any HTTP authentication checking
2019-09-09 01:41:38,968 INFO supervisord started with pid 1
2019-09-09 01:41:39,974 INFO spawned: 'varnishd' with pid 55
2019-09-09 01:41:39,979 INFO spawned: 'php-fpm' with pid 56
2019-09-09 01:41:39,984 INFO spawned: 'varnish-plugins-watcher' with pid 57
2019-09-09 01:41:39,998 INFO spawned: 'nginx' with pid 58
2019-09-09 01:41:40,023 INFO spawned: 'MailHog' with pid 59
2019-09-09 01:41:40,042 INFO spawned: 'mysql' with pid 60
2019-09-09 01:41:40,112 INFO spawned: 'varnish-themes-watcher' with pid 61
2019-09-09 01:41:41,515 INFO success: varnishd entered RUNNING state, process has stayed up for > than 1 seconds (startsecs)
2019-09-09 01:41:41,516 INFO success: php-fpm entered RUNNING state, process has stayed up for > than 1 seconds (startsecs)
2019-09-09 01:41:41,516 INFO success: varnish-plugins-watcher entered RUNNING state, process has stayed up for > than 1 seconds (startsecs)
2019-09-09 01:41:41,516 INFO success: nginx entered RUNNING state, process has stayed up for > than 1 seconds (startsecs)
2019-09-09 01:41:41,516 INFO success: MailHog entered RUNNING state, process has stayed up for > than 1 seconds (startsecs)
2019-09-09 01:41:41,516 INFO success: mysql entered RUNNING state, process has stayed up for > than 1 seconds (startsecs)
2019-09-09 01:41:41,516 INFO success: varnish-themes-watcher entered RUNNING state, process has stayed up for > than 1 seconds (startsecs)
2019-09-09 15:27:00,107 CRIT Supervisor running as root (no user in config file)
2019-09-09 15:27:00,107 INFO Included extra file "/etc/supervisor/conf.d/supervisord.conf" during parsing
2019-09-09 15:27:00,458 INFO RPC interface 'supervisor' initialized
2019-09-09 15:27:00,461 CRIT Server 'unix_http_server' running without any HTTP authentication checking
2019-09-09 15:27:00,471 INFO supervisord started with pid 1
2019-09-09 15:27:01,479 INFO spawned: 'varnishd' with pid 59
2019-09-09 15:27:01,484 INFO spawned: 'php-fpm' with pid 60
2019-09-09 15:27:01,489 INFO spawned: 'varnish-plugins-watcher' with pid 61
2019-09-09 15:27:01,503 INFO spawned: 'nginx' with pid 62
2019-09-09 15:27:01,531 INFO spawned: 'MailHog' with pid 63
2019-09-09 15:27:01,570 INFO spawned: 'mysql' with pid 64
2019-09-09 15:27:01,583 INFO spawned: 'varnish-themes-watcher' with pid 65
2019-09-09 15:27:02,867 INFO success: varnishd entered RUNNING state, process has stayed up for > than 1 seconds (startsecs)
2019-09-09 15:27:02,868 INFO success: php-fpm entered RUNNING state, process has stayed up for > than 1 seconds (startsecs)
2019-09-09 15:27:02,868 INFO success: varnish-plugins-watcher entered RUNNING state, process has stayed up for > than 1 seconds (startsecs)
2019-09-09 15:27:02,868 INFO success: nginx entered RUNNING state, process has stayed up for > than 1 seconds (startsecs)
2019-09-09 15:27:02,868 INFO success: MailHog entered RUNNING state, process has stayed up for > than 1 seconds (startsecs)
2019-09-09 15:27:02,869 INFO success: mysql entered RUNNING state, process has stayed up for > than 1 seconds (startsecs)
2019-09-09 15:27:02,869 INFO success: varnish-themes-watcher entered RUNNING state, process has stayed up for > than 1 seconds (startsecs)
2019-09-15 18:13:51,139 CRIT Supervisor running as root (no user in config file)
2019-09-15 18:13:51,140 INFO Included extra file "/etc/supervisor/conf.d/supervisord.conf" during parsing
2019-09-15 18:13:51,534 INFO RPC interface 'supervisor' initialized
2019-09-15 18:13:51,534 CRIT Server 'unix_http_server' running without any HTTP authentication checking
2019-09-15 18:13:51,534 INFO supervisord started with pid 1
2019-09-15 18:13:52,539 INFO spawned: 'varnishd' with pid 57
2019-09-15 18:13:52,581 INFO spawned: 'php-fpm' with pid 60
2019-09-15 18:13:52,588 INFO spawned: 'varnish-plugins-watcher' with pid 61
2019-09-15 18:13:52,829 INFO spawned: 'nginx' with pid 62
2019-09-15 18:13:52,836 INFO spawned: 'MailHog' with pid 63
2019-09-15 18:13:52,872 INFO spawned: 'mysql' with pid 64
2019-09-15 18:13:52,893 INFO spawned: 'varnish-themes-watcher' with pid 66
2019-09-15 18:13:54,078 INFO success: varnishd entered RUNNING state, process has stayed up for > than 1 seconds (startsecs)
2019-09-15 18:13:54,079 INFO success: php-fpm entered RUNNING state, process has stayed up for > than 1 seconds (startsecs)
2019-09-15 18:13:54,080 INFO success: varnish-plugins-watcher entered RUNNING state, process has stayed up for > than 1 seconds (startsecs)
2019-09-15 18:13:54,080 INFO success: nginx entered RUNNING state, process has stayed up for > than 1 seconds (startsecs)
2019-09-15 18:13:54,081 INFO success: MailHog entered RUNNING state, process has stayed up for > than 1 seconds (startsecs)
2019-09-15 18:13:54,081 INFO success: mysql entered RUNNING state, process has stayed up for > than 1 seconds (startsecs)
2019-09-15 18:13:54,085 INFO success: varnish-themes-watcher entered RUNNING state, process has stayed up for > than 1 seconds (startsecs)
2019-09-15 18:20:41,746 WARN received SIGTERM indicating exit request
2019-09-15 18:20:41,750 INFO waiting for varnishd, php-fpm, varnish-plugins-watcher, nginx, MailHog, mysql, varnish-themes-watcher to die
2019-09-15 18:20:42,752 INFO stopped: varnish-themes-watcher (terminated by SIGTERM)
2019-09-15 18:20:42,772 INFO stopped: mysql (exit status 0)
2019-09-15 18:20:42,774 INFO stopped: MailHog (terminated by SIGTERM)
2019-09-15 18:20:42,777 INFO stopped: nginx (exit status 0)
2019-09-15 18:20:43,179 INFO stopped: varnish-plugins-watcher (terminated by SIGTERM)
2019-09-15 18:20:43,179 INFO reaped unknown pid 690
2019-09-15 18:20:43,203 INFO stopped: php-fpm (exit status 0)
2019-09-15 18:20:43,214 INFO reaped unknown pid 692
2019-09-15 18:20:44,346 INFO reaped unknown pid 81
2019-09-15 18:20:44,370 INFO stopped: varnishd (exit status 0)
2019-09-17 23:25:33,180 CRIT Supervisor running as root (no user in config file)
2019-09-17 23:25:33,181 INFO Included extra file "/etc/supervisor/conf.d/supervisord.conf" during parsing
2019-09-17 23:25:33,247 INFO RPC interface 'supervisor' initialized
2019-09-17 23:25:33,250 CRIT Server 'unix_http_server' running without any HTTP authentication checking
2019-09-17 23:25:33,251 INFO supervisord started with pid 1
2019-09-17 23:25:34,256 INFO spawned: 'varnishd' with pid 55
2019-09-17 23:25:34,266 INFO spawned: 'php-fpm' with pid 56
2019-09-17 23:25:34,281 INFO spawned: 'varnish-plugins-watcher' with pid 57
2019-09-17 23:25:34,308 INFO spawned: 'nginx' with pid 58
2019-09-17 23:25:34,355 INFO spawned: 'MailHog' with pid 59
2019-09-17 23:25:34,391 INFO spawned: 'mysql' with pid 60
2019-09-17 23:25:34,426 INFO spawned: 'varnish-themes-watcher' with pid 61
2019-09-17 23:25:35,774 INFO success: varnishd entered RUNNING state, process has stayed up for > than 1 seconds (startsecs)
2019-09-17 23:25:35,775 INFO success: php-fpm entered RUNNING state, process has stayed up for > than 1 seconds (startsecs)
2019-09-17 23:25:35,775 INFO success: varnish-plugins-watcher entered RUNNING state, process has stayed up for > than 1 seconds (startsecs)
2019-09-17 23:25:35,775 INFO success: nginx entered RUNNING state, process has stayed up for > than 1 seconds (startsecs)
2019-09-17 23:25:35,775 INFO success: MailHog entered RUNNING state, process has stayed up for > than 1 seconds (startsecs)
2019-09-17 23:25:35,775 INFO success: mysql entered RUNNING state, process has stayed up for > than 1 seconds (startsecs)
2019-09-17 23:25:35,776 INFO success: varnish-themes-watcher entered RUNNING state, process has stayed up for > than 1 seconds (startsecs)
2019-09-17 23:42:00,470 WARN received SIGTERM indicating exit request
2019-09-17 23:42:00,481 INFO waiting for varnishd, php-fpm, varnish-plugins-watcher, nginx, MailHog, mysql, varnish-themes-watcher to die
2019-09-17 23:42:01,483 INFO stopped: varnish-themes-watcher (terminated by SIGTERM)
2019-09-17 23:42:01,524 INFO stopped: mysql (exit status 0)
2019-09-17 23:42:01,607 INFO stopped: MailHog (terminated by SIGTERM)
2019-09-17 23:42:01,614 INFO stopped: nginx (exit status 0)
2019-09-17 23:42:02,618 INFO stopped: varnish-plugins-watcher (terminated by SIGTERM)
2019-09-17 23:42:02,652 INFO stopped: php-fpm (exit status 0)
2019-09-17 23:42:03,325 INFO reaped unknown pid 77
2019-09-17 23:42:03,711 INFO waiting for varnishd to die
2019-09-17 23:42:04,104 INFO stopped: varnishd (exit status 0)
2019-09-18 23:03:46,878 CRIT Supervisor running as root (no user in config file)
2019-09-18 23:03:46,879 INFO Included extra file "/etc/supervisor/conf.d/supervisord.conf" during parsing
2019-09-18 23:03:46,919 INFO RPC interface 'supervisor' initialized
2019-09-18 23:03:46,923 CRIT Server 'unix_http_server' running without any HTTP authentication checking
2019-09-18 23:03:46,924 INFO supervisord started with pid 1
2019-09-18 23:03:47,929 INFO spawned: 'varnishd' with pid 56
2019-09-18 23:03:47,934 INFO spawned: 'php-fpm' with pid 57
2019-09-18 23:03:47,937 INFO spawned: 'varnish-plugins-watcher' with pid 58
2019-09-18 23:03:47,948 INFO spawned: 'nginx' with pid 59
2019-09-18 23:03:47,959 INFO spawned: 'MailHog' with pid 60
2019-09-18 23:03:47,978 INFO spawned: 'mysql' with pid 61
2019-09-18 23:03:48,008 INFO spawned: 'varnish-themes-watcher' with pid 63
2019-09-18 23:03:49,224 INFO success: varnishd entered RUNNING state, process has stayed up for > than 1 seconds (startsecs)
2019-09-18 23:03:49,224 INFO success: php-fpm entered RUNNING state, process has stayed up for > than 1 seconds (startsecs)
2019-09-18 23:03:49,226 INFO success: varnish-plugins-watcher entered RUNNING state, process has stayed up for > than 1 seconds (startsecs)
2019-09-18 23:03:49,227 INFO success: nginx entered RUNNING state, process has stayed up for > than 1 seconds (startsecs)
2019-09-18 23:03:49,229 INFO success: MailHog entered RUNNING state, process has stayed up for > than 1 seconds (startsecs)
2019-09-18 23:03:49,229 INFO success: mysql entered RUNNING state, process has stayed up for > than 1 seconds (startsecs)
2019-09-18 23:03:49,229 INFO success: varnish-themes-watcher entered RUNNING state, process has stayed up for > than 1 seconds (startsecs)
2019-09-20 15:10:42,894 WARN received SIGTERM indicating exit request
2019-09-20 15:10:42,908 INFO waiting for varnishd, php-fpm, varnish-plugins-watcher, nginx, MailHog, mysql, varnish-themes-watcher to die
2019-09-20 15:10:43,910 INFO stopped: varnish-themes-watcher (terminated by SIGTERM)
2019-09-20 15:10:43,932 INFO stopped: mysql (exit status 0)
2019-09-20 15:10:43,934 INFO stopped: MailHog (terminated by SIGTERM)
2019-09-20 15:10:43,938 INFO stopped: nginx (exit status 0)
2019-09-20 15:10:44,939 INFO stopped: varnish-plugins-watcher (terminated by SIGTERM)
2019-09-20 15:10:44,957 INFO stopped: php-fpm (exit status 0)
2019-09-20 15:10:45,488 INFO reaped unknown pid 78
2019-09-20 15:10:45,654 INFO reaped unknown pid 1889
2019-09-20 15:10:45,964 INFO waiting for varnishd to die
2019-09-20 15:10:46,188 INFO stopped: varnishd (exit status 0)
2019-09-20 15:10:54,227 CRIT Supervisor running as root (no user in config file)
2019-09-20 15:10:54,227 INFO Included extra file "/etc/supervisor/conf.d/supervisord.conf" during parsing
2019-09-20 15:10:54,394 INFO RPC interface 'supervisor' initialized
2019-09-20 15:10:54,394 CRIT Server 'unix_http_server' running without any HTTP authentication checking
2019-09-20 15:10:54,400 INFO supervisord started with pid 1
2019-09-20 15:10:55,409 INFO spawned: 'varnishd' with pid 53
2019-09-20 15:10:55,414 INFO spawned: 'php-fpm' with pid 54
2019-09-20 15:10:55,429 INFO spawned: 'varnish-plugins-watcher' with pid 55
2019-09-20 15:10:55,456 INFO spawned: 'nginx' with pid 56
2019-09-20 15:10:55,495 INFO spawned: 'MailHog' with pid 59
2019-09-20 15:10:55,522 INFO spawned: 'mysql' with pid 60
2019-09-20 15:10:55,558 INFO spawned: 'varnish-themes-watcher' with pid 63
2019-09-20 15:10:56,746 INFO success: varnishd entered RUNNING state, process has stayed up for > than 1 seconds (startsecs)
2019-09-20 15:10:56,747 INFO success: php-fpm entered RUNNING state, process has stayed up for > than 1 seconds (startsecs)
2019-09-20 15:10:56,747 INFO success: varnish-plugins-watcher entered RUNNING state, process has stayed up for > than 1 seconds (startsecs)
2019-09-20 15:10:56,759 INFO success: nginx entered RUNNING state, process has stayed up for > than 1 seconds (startsecs)
2019-09-20 15:10:56,761 INFO success: MailHog entered RUNNING state, process has stayed up for > than 1 seconds (startsecs)
2019-09-20 15:10:56,761 INFO success: mysql entered RUNNING state, process has stayed up for > than 1 seconds (startsecs)
2019-09-20 15:10:56,774 INFO success: varnish-themes-watcher entered RUNNING state, process has stayed up for > than 1 seconds (startsecs)
2019-09-23 19:23:18,266 CRIT Supervisor running as root (no user in config file)
2019-09-23 19:23:18,266 INFO Included extra file "/etc/supervisor/conf.d/supervisord.conf" during parsing
2019-09-23 19:23:18,639 INFO RPC interface 'supervisor' initialized
2019-09-23 19:23:18,646 CRIT Server 'unix_http_server' running without any HTTP authentication checking
2019-09-23 19:23:18,649 INFO supervisord started with pid 1
2019-09-23 19:23:19,657 INFO spawned: 'varnishd' with pid 56
2019-09-23 19:23:19,661 INFO spawned: 'php-fpm' with pid 57
2019-09-23 19:23:19,666 INFO spawned: 'varnish-plugins-watcher' with pid 58
2019-09-23 19:23:19,681 INFO spawned: 'nginx' with pid 59
2019-09-23 19:23:19,720 INFO spawned: 'MailHog' with pid 60
2019-09-23 19:23:19,744 INFO spawned: 'mysql' with pid 62
2019-09-23 19:23:19,762 INFO spawned: 'varnish-themes-watcher' with pid 65
2019-09-23 19:23:20,932 INFO success: varnishd entered RUNNING state, process has stayed up for > than 1 seconds (startsecs)
2019-09-23 19:23:20,933 INFO success: php-fpm entered RUNNING state, process has stayed up for > than 1 seconds (startsecs)
2019-09-23 19:23:20,933 INFO success: varnish-plugins-watcher entered RUNNING state, process has stayed up for > than 1 seconds (startsecs)
2019-09-23 19:23:20,933 INFO success: nginx entered RUNNING state, process has stayed up for > than 1 seconds (startsecs)
2019-09-23 19:23:20,934 INFO success: MailHog entered RUNNING state, process has stayed up for > than 1 seconds (startsecs)
2019-09-23 19:23:20,935 INFO success: mysql entered RUNNING state, process has stayed up for > than 1 seconds (startsecs)
2019-09-23 19:23:20,935 INFO success: varnish-themes-watcher entered RUNNING state, process has stayed up for > than 1 seconds (startsecs)
