[03-Sep-2019 16:12:56 UTC] PHP Parse error:  syntax error, unexpected '<', expecting end of file in phar:///usr/local/bin/wp/vendor/wp-cli/wp-cli/php/WP_CLI/SynopsisValidator.php on line 92
[03-Sep-2019 16:59:38 UTC] PHP Parse error:  syntax error, unexpected 'bloginfo' (T_STRING) in /app/public/wp-content/themes/amerau/header.php on line 50
[03-Sep-2019 17:35:05 UTC] PHP Parse error:  syntax error, unexpected ':' in /app/public/wp-content/themes/amerau/page-home.php on line 47
[03-Sep-2019 22:48:52 UTC] PHP Warning:  Use of undefined constant ‘show_admin_bar’ - assumed '‘show_admin_bar’' (this will throw an Error in a future version of PHP) in /app/public/wp-content/themes/amerau/functions.php on line 188
[03-Sep-2019 22:48:52 UTC] PHP Warning:  Use of undefined constant ‘__return_false’ - assumed '‘__return_false’' (this will throw an Error in a future version of PHP) in /app/public/wp-content/themes/amerau/functions.php on line 188
[03-Sep-2019 22:48:52 UTC] PHP Warning:  Use of undefined constant ‘show_admin_bar’ - assumed '‘show_admin_bar’' (this will throw an Error in a future version of PHP) in /app/public/wp-content/themes/amerau/functions.php on line 188
[03-Sep-2019 22:48:52 UTC] PHP Warning:  Use of undefined constant ‘__return_false’ - assumed '‘__return_false’' (this will throw an Error in a future version of PHP) in /app/public/wp-content/themes/amerau/functions.php on line 188
[03-Sep-2019 22:48:52 UTC] PHP Warning:  Use of undefined constant ‘show_admin_bar’ - assumed '‘show_admin_bar’' (this will throw an Error in a future version of PHP) in /app/public/wp-content/themes/amerau/functions.php on line 188
[03-Sep-2019 22:48:52 UTC] PHP Warning:  Use of undefined constant ‘__return_false’ - assumed '‘__return_false’' (this will throw an Error in a future version of PHP) in /app/public/wp-content/themes/amerau/functions.php on line 188
[03-Sep-2019 22:49:00 UTC] PHP Warning:  Use of undefined constant ‘show_admin_bar’ - assumed '‘show_admin_bar’' (this will throw an Error in a future version of PHP) in /app/public/wp-content/themes/amerau/functions.php on line 188
[03-Sep-2019 22:49:00 UTC] PHP Warning:  Use of undefined constant ‘__return_false’ - assumed '‘__return_false’' (this will throw an Error in a future version of PHP) in /app/public/wp-content/themes/amerau/functions.php on line 188
[03-Sep-2019 22:49:00 UTC] PHP Warning:  Use of undefined constant ‘show_admin_bar’ - assumed '‘show_admin_bar’' (this will throw an Error in a future version of PHP) in /app/public/wp-content/themes/amerau/functions.php on line 188
[03-Sep-2019 22:49:00 UTC] PHP Warning:  Use of undefined constant ‘__return_false’ - assumed '‘__return_false’' (this will throw an Error in a future version of PHP) in /app/public/wp-content/themes/amerau/functions.php on line 188
[03-Sep-2019 22:49:00 UTC] PHP Warning:  Use of undefined constant ‘show_admin_bar’ - assumed '‘show_admin_bar’' (this will throw an Error in a future version of PHP) in /app/public/wp-content/themes/amerau/functions.php on line 188
[03-Sep-2019 22:49:00 UTC] PHP Warning:  Use of undefined constant ‘__return_false’ - assumed '‘__return_false’' (this will throw an Error in a future version of PHP) in /app/public/wp-content/themes/amerau/functions.php on line 188
[03-Sep-2019 22:49:53 UTC] PHP Warning:  Use of undefined constant ‘show_admin_bar’ - assumed '‘show_admin_bar’' (this will throw an Error in a future version of PHP) in /app/public/wp-content/themes/amerau/functions.php on line 188
[03-Sep-2019 22:49:53 UTC] PHP Warning:  Use of undefined constant ‘__return_false’ - assumed '‘__return_false’' (this will throw an Error in a future version of PHP) in /app/public/wp-content/themes/amerau/functions.php on line 188
[03-Sep-2019 23:28:49 UTC] PHP Warning:  Use of undefined constant some_condition - assumed 'some_condition' (this will throw an Error in a future version of PHP) in /app/public/wp-content/themes/amerau/header.php on line 52
[03-Sep-2019 23:28:49 UTC] PHP Warning:  Use of undefined constant some_condition - assumed 'some_condition' (this will throw an Error in a future version of PHP) in /app/public/wp-content/themes/amerau/header.php on line 52
[03-Sep-2019 23:28:49 UTC] PHP Warning:  Use of undefined constant some_condition - assumed 'some_condition' (this will throw an Error in a future version of PHP) in /app/public/wp-content/themes/amerau/header.php on line 52
[03-Sep-2019 23:29:39 UTC] PHP Fatal error:  Uncaught Error: Call to undefined function wp_emember_is_member_logged_in() in /app/public/wp-content/themes/amerau/header.php:52
Stack trace:
#0 /app/public/wp-includes/template.php(722): require_once()
#1 /app/public/wp-includes/template.php(671): load_template('/app/public/wp-...', true)
#2 /app/public/wp-includes/general-template.php(41): locate_template(Array, true)
#3 /app/public/wp-content/themes/amerau/page-home.php(13): get_header()
#4 /app/public/wp-includes/template-loader.php(78): include('/app/public/wp-...')
#5 /app/public/wp-blog-header.php(19): require_once('/app/public/wp-...')
#6 /app/public/index.php(17): require('/app/public/wp-...')
#7 {main}
  thrown in /app/public/wp-content/themes/amerau/header.php on line 52
[03-Sep-2019 23:29:39 UTC] PHP Fatal error:  Uncaught Error: Call to undefined function wp_emember_is_member_logged_in() in /app/public/wp-content/themes/amerau/header.php:52
Stack trace:
#0 /app/public/wp-includes/template.php(722): require_once()
#1 /app/public/wp-includes/template.php(671): load_template('/app/public/wp-...', true)
#2 /app/public/wp-includes/general-template.php(41): locate_template(Array, true)
#3 /app/public/wp-content/themes/amerau/404.php(10): get_header()
#4 /app/public/wp-includes/template-loader.php(78): include('/app/public/wp-...')
#5 /app/public/wp-blog-header.php(19): require_once('/app/public/wp-...')
#6 /app/public/index.php(17): require('/app/public/wp-...')
#7 {main}
  thrown in /app/public/wp-content/themes/amerau/header.php on line 52
[03-Sep-2019 23:29:39 UTC] PHP Fatal error:  Uncaught Error: Call to undefined function wp_emember_is_member_logged_in() in /app/public/wp-content/themes/amerau/header.php:52
Stack trace:
#0 /app/public/wp-includes/template.php(722): require_once()
#1 /app/public/wp-includes/template.php(671): load_template('/app/public/wp-...', true)
#2 /app/public/wp-includes/general-template.php(41): locate_template(Array, true)
#3 /app/public/wp-content/themes/amerau/404.php(10): get_header()
#4 /app/public/wp-includes/template-loader.php(78): include('/app/public/wp-...')
#5 /app/public/wp-blog-header.php(19): require_once('/app/public/wp-...')
#6 /app/public/index.php(17): require('/app/public/wp-...')
#7 {main}
  thrown in /app/public/wp-content/themes/amerau/header.php on line 52
[04-Sep-2019 00:21:06 UTC] PHP Parse error:  syntax error, unexpected '?>' in /app/public/wp-content/themes/amerau/header.php on line 71
[04-Sep-2019 00:21:24 UTC] PHP Warning:  array_intersect(): Argument #1 is not an array in /app/public/wp-content/themes/amerau/header.php on line 71
[04-Sep-2019 00:21:24 UTC] PHP Warning:  array_intersect(): Argument #1 is not an array in /app/public/wp-content/themes/amerau/header.php on line 71
[04-Sep-2019 00:21:24 UTC] PHP Warning:  array_intersect(): Argument #1 is not an array in /app/public/wp-content/themes/amerau/header.php on line 71
[04-Sep-2019 16:59:51 UTC] PHP Warning:  Use of undefined constant WP_ADMIN_DIR - assumed 'WP_ADMIN_DIR' (this will throw an Error in a future version of PHP) in /app/public/wp-content/themes/amera/functions.php on line 242
[04-Sep-2019 16:59:51 UTC] PHP Warning:  Use of undefined constant WP_ADMIN_DIR - assumed 'WP_ADMIN_DIR' (this will throw an Error in a future version of PHP) in /app/public/wp-content/themes/amera/functions.php on line 242
[04-Sep-2019 16:59:51 UTC] PHP Warning:  Use of undefined constant WP_ADMIN_DIR - assumed 'WP_ADMIN_DIR' (this will throw an Error in a future version of PHP) in /app/public/wp-content/themes/amera/functions.php on line 242
[04-Sep-2019 16:59:51 UTC] PHP Warning:  Use of undefined constant WP_ADMIN_DIR - assumed 'WP_ADMIN_DIR' (this will throw an Error in a future version of PHP) in /app/public/wp-content/themes/amera/functions.php on line 242
[04-Sep-2019 16:59:51 UTC] PHP Warning:  Use of undefined constant WP_ADMIN_DIR - assumed 'WP_ADMIN_DIR' (this will throw an Error in a future version of PHP) in /app/public/wp-content/themes/amera/functions.php on line 242
[04-Sep-2019 16:59:51 UTC] PHP Warning:  Use of undefined constant WP_ADMIN_DIR - assumed 'WP_ADMIN_DIR' (this will throw an Error in a future version of PHP) in /app/public/wp-content/themes/amera/functions.php on line 242
[04-Sep-2019 16:59:51 UTC] PHP Warning:  Use of undefined constant WP_ADMIN_DIR - assumed 'WP_ADMIN_DIR' (this will throw an Error in a future version of PHP) in /app/public/wp-content/themes/amera/functions.php on line 242
[04-Sep-2019 16:59:51 UTC] PHP Warning:  Use of undefined constant WP_ADMIN_DIR - assumed 'WP_ADMIN_DIR' (this will throw an Error in a future version of PHP) in /app/public/wp-content/themes/amera/functions.php on line 242
[04-Sep-2019 16:59:51 UTC] PHP Warning:  Use of undefined constant WP_ADMIN_DIR - assumed 'WP_ADMIN_DIR' (this will throw an Error in a future version of PHP) in /app/public/wp-content/themes/amera/functions.php on line 242
[04-Sep-2019 16:59:51 UTC] PHP Warning:  Use of undefined constant WP_ADMIN_DIR - assumed 'WP_ADMIN_DIR' (this will throw an Error in a future version of PHP) in /app/public/wp-content/themes/amera/functions.php on line 242
[04-Sep-2019 16:59:51 UTC] PHP Warning:  Use of undefined constant WP_ADMIN_DIR - assumed 'WP_ADMIN_DIR' (this will throw an Error in a future version of PHP) in /app/public/wp-content/themes/amera/functions.php on line 242
[04-Sep-2019 16:59:51 UTC] PHP Warning:  Use of undefined constant WP_ADMIN_DIR - assumed 'WP_ADMIN_DIR' (this will throw an Error in a future version of PHP) in /app/public/wp-content/themes/amera/functions.php on line 242
[04-Sep-2019 16:59:51 UTC] PHP Warning:  Use of undefined constant WP_ADMIN_DIR - assumed 'WP_ADMIN_DIR' (this will throw an Error in a future version of PHP) in /app/public/wp-content/themes/amera/functions.php on line 242
[04-Sep-2019 16:59:51 UTC] PHP Warning:  Use of undefined constant WP_ADMIN_DIR - assumed 'WP_ADMIN_DIR' (this will throw an Error in a future version of PHP) in /app/public/wp-content/themes/amera/functions.php on line 242
[04-Sep-2019 16:59:51 UTC] PHP Warning:  Use of undefined constant WP_ADMIN_DIR - assumed 'WP_ADMIN_DIR' (this will throw an Error in a future version of PHP) in /app/public/wp-content/themes/amera/functions.php on line 242
[04-Sep-2019 16:59:51 UTC] PHP Warning:  Use of undefined constant WP_ADMIN_DIR - assumed 'WP_ADMIN_DIR' (this will throw an Error in a future version of PHP) in /app/public/wp-content/themes/amera/functions.php on line 242
[04-Sep-2019 16:59:51 UTC] PHP Warning:  Use of undefined constant WP_ADMIN_DIR - assumed 'WP_ADMIN_DIR' (this will throw an Error in a future version of PHP) in /app/public/wp-content/themes/amera/functions.php on line 242
[04-Sep-2019 17:01:52 UTC] PHP Warning:  Use of undefined constant WP_ADMIN_DIR - assumed 'WP_ADMIN_DIR' (this will throw an Error in a future version of PHP) in /app/public/wp-content/themes/amera/functions.php on line 242
[04-Sep-2019 17:01:52 UTC] PHP Warning:  Use of undefined constant WP_ADMIN_DIR - assumed 'WP_ADMIN_DIR' (this will throw an Error in a future version of PHP) in /app/public/wp-content/themes/amera/functions.php on line 242
[04-Sep-2019 17:01:52 UTC] PHP Warning:  Use of undefined constant WP_ADMIN_DIR - assumed 'WP_ADMIN_DIR' (this will throw an Error in a future version of PHP) in /app/public/wp-content/themes/amera/functions.php on line 242
[04-Sep-2019 17:01:52 UTC] PHP Warning:  Use of undefined constant WP_ADMIN_DIR - assumed 'WP_ADMIN_DIR' (this will throw an Error in a future version of PHP) in /app/public/wp-content/themes/amera/functions.php on line 242
[04-Sep-2019 17:01:52 UTC] PHP Warning:  Use of undefined constant WP_ADMIN_DIR - assumed 'WP_ADMIN_DIR' (this will throw an Error in a future version of PHP) in /app/public/wp-content/themes/amera/functions.php on line 242
[04-Sep-2019 17:01:52 UTC] PHP Warning:  Use of undefined constant WP_ADMIN_DIR - assumed 'WP_ADMIN_DIR' (this will throw an Error in a future version of PHP) in /app/public/wp-content/themes/amera/functions.php on line 242
[04-Sep-2019 17:01:52 UTC] PHP Warning:  Use of undefined constant WP_ADMIN_DIR - assumed 'WP_ADMIN_DIR' (this will throw an Error in a future version of PHP) in /app/public/wp-content/themes/amera/functions.php on line 242
[04-Sep-2019 17:01:52 UTC] PHP Warning:  Use of undefined constant WP_ADMIN_DIR - assumed 'WP_ADMIN_DIR' (this will throw an Error in a future version of PHP) in /app/public/wp-content/themes/amera/functions.php on line 242
[04-Sep-2019 17:01:52 UTC] PHP Warning:  Use of undefined constant WP_ADMIN_DIR - assumed 'WP_ADMIN_DIR' (this will throw an Error in a future version of PHP) in /app/public/wp-content/themes/amera/functions.php on line 242
[04-Sep-2019 17:01:52 UTC] PHP Warning:  Use of undefined constant WP_ADMIN_DIR - assumed 'WP_ADMIN_DIR' (this will throw an Error in a future version of PHP) in /app/public/wp-content/themes/amera/functions.php on line 242
[04-Sep-2019 17:01:52 UTC] PHP Warning:  Use of undefined constant WP_ADMIN_DIR - assumed 'WP_ADMIN_DIR' (this will throw an Error in a future version of PHP) in /app/public/wp-content/themes/amera/functions.php on line 242
[04-Sep-2019 17:01:52 UTC] PHP Warning:  Use of undefined constant WP_ADMIN_DIR - assumed 'WP_ADMIN_DIR' (this will throw an Error in a future version of PHP) in /app/public/wp-content/themes/amera/functions.php on line 242
[04-Sep-2019 17:01:52 UTC] PHP Warning:  Use of undefined constant WP_ADMIN_DIR - assumed 'WP_ADMIN_DIR' (this will throw an Error in a future version of PHP) in /app/public/wp-content/themes/amera/functions.php on line 242
[04-Sep-2019 17:01:52 UTC] PHP Warning:  Use of undefined constant WP_ADMIN_DIR - assumed 'WP_ADMIN_DIR' (this will throw an Error in a future version of PHP) in /app/public/wp-content/themes/amera/functions.php on line 242
[04-Sep-2019 17:01:52 UTC] PHP Warning:  Use of undefined constant WP_ADMIN_DIR - assumed 'WP_ADMIN_DIR' (this will throw an Error in a future version of PHP) in /app/public/wp-content/themes/amera/functions.php on line 242
[04-Sep-2019 17:01:52 UTC] PHP Warning:  Use of undefined constant WP_ADMIN_DIR - assumed 'WP_ADMIN_DIR' (this will throw an Error in a future version of PHP) in /app/public/wp-content/themes/amera/functions.php on line 242
[04-Sep-2019 17:01:52 UTC] PHP Warning:  Use of undefined constant WP_ADMIN_DIR - assumed 'WP_ADMIN_DIR' (this will throw an Error in a future version of PHP) in /app/public/wp-content/themes/amera/functions.php on line 242
[04-Sep-2019 17:03:22 UTC] PHP Warning:  Use of undefined constant WP_ADMIN_DIR - assumed 'WP_ADMIN_DIR' (this will throw an Error in a future version of PHP) in /app/public/wp-content/themes/amera/functions.php on line 242
[04-Sep-2019 17:03:22 UTC] PHP Warning:  Use of undefined constant WP_ADMIN_DIR - assumed 'WP_ADMIN_DIR' (this will throw an Error in a future version of PHP) in /app/public/wp-content/themes/amera/functions.php on line 242
[04-Sep-2019 17:03:22 UTC] PHP Warning:  Use of undefined constant WP_ADMIN_DIR - assumed 'WP_ADMIN_DIR' (this will throw an Error in a future version of PHP) in /app/public/wp-content/themes/amera/functions.php on line 242
[04-Sep-2019 17:03:22 UTC] PHP Warning:  Use of undefined constant WP_ADMIN_DIR - assumed 'WP_ADMIN_DIR' (this will throw an Error in a future version of PHP) in /app/public/wp-content/themes/amera/functions.php on line 242
[04-Sep-2019 17:03:22 UTC] PHP Warning:  Use of undefined constant WP_ADMIN_DIR - assumed 'WP_ADMIN_DIR' (this will throw an Error in a future version of PHP) in /app/public/wp-content/themes/amera/functions.php on line 242
[04-Sep-2019 17:03:22 UTC] PHP Warning:  Use of undefined constant WP_ADMIN_DIR - assumed 'WP_ADMIN_DIR' (this will throw an Error in a future version of PHP) in /app/public/wp-content/themes/amera/functions.php on line 242
[04-Sep-2019 17:03:22 UTC] PHP Warning:  Use of undefined constant WP_ADMIN_DIR - assumed 'WP_ADMIN_DIR' (this will throw an Error in a future version of PHP) in /app/public/wp-content/themes/amera/functions.php on line 242
[04-Sep-2019 17:03:22 UTC] PHP Warning:  Use of undefined constant WP_ADMIN_DIR - assumed 'WP_ADMIN_DIR' (this will throw an Error in a future version of PHP) in /app/public/wp-content/themes/amera/functions.php on line 242
[04-Sep-2019 17:03:22 UTC] PHP Warning:  Use of undefined constant WP_ADMIN_DIR - assumed 'WP_ADMIN_DIR' (this will throw an Error in a future version of PHP) in /app/public/wp-content/themes/amera/functions.php on line 242
[04-Sep-2019 17:03:22 UTC] PHP Warning:  Use of undefined constant WP_ADMIN_DIR - assumed 'WP_ADMIN_DIR' (this will throw an Error in a future version of PHP) in /app/public/wp-content/themes/amera/functions.php on line 242
[04-Sep-2019 17:03:22 UTC] PHP Warning:  Use of undefined constant WP_ADMIN_DIR - assumed 'WP_ADMIN_DIR' (this will throw an Error in a future version of PHP) in /app/public/wp-content/themes/amera/functions.php on line 242
[04-Sep-2019 17:03:22 UTC] PHP Warning:  Use of undefined constant WP_ADMIN_DIR - assumed 'WP_ADMIN_DIR' (this will throw an Error in a future version of PHP) in /app/public/wp-content/themes/amera/functions.php on line 242
[04-Sep-2019 17:03:22 UTC] PHP Warning:  Use of undefined constant WP_ADMIN_DIR - assumed 'WP_ADMIN_DIR' (this will throw an Error in a future version of PHP) in /app/public/wp-content/themes/amera/functions.php on line 242
[04-Sep-2019 17:03:22 UTC] PHP Warning:  Use of undefined constant WP_ADMIN_DIR - assumed 'WP_ADMIN_DIR' (this will throw an Error in a future version of PHP) in /app/public/wp-content/themes/amera/functions.php on line 242
[04-Sep-2019 17:03:22 UTC] PHP Warning:  Use of undefined constant WP_ADMIN_DIR - assumed 'WP_ADMIN_DIR' (this will throw an Error in a future version of PHP) in /app/public/wp-content/themes/amera/functions.php on line 242
[04-Sep-2019 17:03:22 UTC] PHP Warning:  Use of undefined constant WP_ADMIN_DIR - assumed 'WP_ADMIN_DIR' (this will throw an Error in a future version of PHP) in /app/public/wp-content/themes/amera/functions.php on line 242
[04-Sep-2019 17:03:22 UTC] PHP Warning:  Use of undefined constant WP_ADMIN_DIR - assumed 'WP_ADMIN_DIR' (this will throw an Error in a future version of PHP) in /app/public/wp-content/themes/amera/functions.php on line 242
[04-Sep-2019 17:03:26 UTC] PHP Warning:  Use of undefined constant WP_ADMIN_DIR - assumed 'WP_ADMIN_DIR' (this will throw an Error in a future version of PHP) in /app/public/wp-content/themes/amera/functions.php on line 242
[04-Sep-2019 17:03:26 UTC] PHP Warning:  Use of undefined constant WP_ADMIN_DIR - assumed 'WP_ADMIN_DIR' (this will throw an Error in a future version of PHP) in /app/public/wp-content/themes/amera/functions.php on line 242
[04-Sep-2019 17:03:26 UTC] PHP Warning:  Use of undefined constant WP_ADMIN_DIR - assumed 'WP_ADMIN_DIR' (this will throw an Error in a future version of PHP) in /app/public/wp-content/themes/amera/functions.php on line 242
[04-Sep-2019 17:03:26 UTC] PHP Warning:  Use of undefined constant WP_ADMIN_DIR - assumed 'WP_ADMIN_DIR' (this will throw an Error in a future version of PHP) in /app/public/wp-content/themes/amera/functions.php on line 242
[04-Sep-2019 17:03:26 UTC] PHP Warning:  Use of undefined constant WP_ADMIN_DIR - assumed 'WP_ADMIN_DIR' (this will throw an Error in a future version of PHP) in /app/public/wp-content/themes/amera/functions.php on line 242
[04-Sep-2019 17:03:26 UTC] PHP Warning:  Use of undefined constant WP_ADMIN_DIR - assumed 'WP_ADMIN_DIR' (this will throw an Error in a future version of PHP) in /app/public/wp-content/themes/amera/functions.php on line 242
[04-Sep-2019 17:03:26 UTC] PHP Warning:  Use of undefined constant WP_ADMIN_DIR - assumed 'WP_ADMIN_DIR' (this will throw an Error in a future version of PHP) in /app/public/wp-content/themes/amera/functions.php on line 242
[04-Sep-2019 17:03:26 UTC] PHP Warning:  Use of undefined constant WP_ADMIN_DIR - assumed 'WP_ADMIN_DIR' (this will throw an Error in a future version of PHP) in /app/public/wp-content/themes/amera/functions.php on line 242
[04-Sep-2019 17:03:26 UTC] PHP Warning:  Use of undefined constant WP_ADMIN_DIR - assumed 'WP_ADMIN_DIR' (this will throw an Error in a future version of PHP) in /app/public/wp-content/themes/amera/functions.php on line 242
[04-Sep-2019 17:03:26 UTC] PHP Warning:  Use of undefined constant WP_ADMIN_DIR - assumed 'WP_ADMIN_DIR' (this will throw an Error in a future version of PHP) in /app/public/wp-content/themes/amera/functions.php on line 242
[04-Sep-2019 17:03:26 UTC] PHP Warning:  Use of undefined constant WP_ADMIN_DIR - assumed 'WP_ADMIN_DIR' (this will throw an Error in a future version of PHP) in /app/public/wp-content/themes/amera/functions.php on line 242
[04-Sep-2019 17:03:26 UTC] PHP Warning:  Use of undefined constant WP_ADMIN_DIR - assumed 'WP_ADMIN_DIR' (this will throw an Error in a future version of PHP) in /app/public/wp-content/themes/amera/functions.php on line 242
[04-Sep-2019 17:03:26 UTC] PHP Warning:  Use of undefined constant WP_ADMIN_DIR - assumed 'WP_ADMIN_DIR' (this will throw an Error in a future version of PHP) in /app/public/wp-content/themes/amera/functions.php on line 242
[04-Sep-2019 17:03:26 UTC] PHP Warning:  Use of undefined constant WP_ADMIN_DIR - assumed 'WP_ADMIN_DIR' (this will throw an Error in a future version of PHP) in /app/public/wp-content/themes/amera/functions.php on line 242
[04-Sep-2019 17:03:26 UTC] PHP Warning:  Use of undefined constant WP_ADMIN_DIR - assumed 'WP_ADMIN_DIR' (this will throw an Error in a future version of PHP) in /app/public/wp-content/themes/amera/functions.php on line 242
[04-Sep-2019 17:03:26 UTC] PHP Warning:  Use of undefined constant WP_ADMIN_DIR - assumed 'WP_ADMIN_DIR' (this will throw an Error in a future version of PHP) in /app/public/wp-content/themes/amera/functions.php on line 242
[04-Sep-2019 17:03:26 UTC] PHP Warning:  Use of undefined constant WP_ADMIN_DIR - assumed 'WP_ADMIN_DIR' (this will throw an Error in a future version of PHP) in /app/public/wp-content/themes/amera/functions.php on line 242
[04-Sep-2019 17:03:26 UTC] PHP Warning:  Use of undefined constant WP_ADMIN_DIR - assumed 'WP_ADMIN_DIR' (this will throw an Error in a future version of PHP) in /app/public/wp-content/themes/amera/functions.php on line 242
[04-Sep-2019 17:03:26 UTC] PHP Warning:  Use of undefined constant WP_ADMIN_DIR - assumed 'WP_ADMIN_DIR' (this will throw an Error in a future version of PHP) in /app/public/wp-content/themes/amera/functions.php on line 242
[04-Sep-2019 17:03:26 UTC] PHP Warning:  Use of undefined constant WP_ADMIN_DIR - assumed 'WP_ADMIN_DIR' (this will throw an Error in a future version of PHP) in /app/public/wp-content/themes/amera/functions.php on line 242
[04-Sep-2019 17:03:26 UTC] PHP Warning:  Use of undefined constant WP_ADMIN_DIR - assumed 'WP_ADMIN_DIR' (this will throw an Error in a future version of PHP) in /app/public/wp-content/themes/amera/functions.php on line 242
[04-Sep-2019 17:03:26 UTC] PHP Warning:  Use of undefined constant WP_ADMIN_DIR - assumed 'WP_ADMIN_DIR' (this will throw an Error in a future version of PHP) in /app/public/wp-content/themes/amera/functions.php on line 242
[04-Sep-2019 17:03:26 UTC] PHP Warning:  Use of undefined constant WP_ADMIN_DIR - assumed 'WP_ADMIN_DIR' (this will throw an Error in a future version of PHP) in /app/public/wp-content/themes/amera/functions.php on line 242
[04-Sep-2019 17:03:26 UTC] PHP Warning:  Use of undefined constant WP_ADMIN_DIR - assumed 'WP_ADMIN_DIR' (this will throw an Error in a future version of PHP) in /app/public/wp-content/themes/amera/functions.php on line 242
[04-Sep-2019 17:03:26 UTC] PHP Warning:  Use of undefined constant WP_ADMIN_DIR - assumed 'WP_ADMIN_DIR' (this will throw an Error in a future version of PHP) in /app/public/wp-content/themes/amera/functions.php on line 242
[04-Sep-2019 17:03:26 UTC] PHP Warning:  Use of undefined constant WP_ADMIN_DIR - assumed 'WP_ADMIN_DIR' (this will throw an Error in a future version of PHP) in /app/public/wp-content/themes/amera/functions.php on line 242
[04-Sep-2019 17:03:26 UTC] PHP Warning:  Use of undefined constant WP_ADMIN_DIR - assumed 'WP_ADMIN_DIR' (this will throw an Error in a future version of PHP) in /app/public/wp-content/themes/amera/functions.php on line 242
[04-Sep-2019 17:03:26 UTC] PHP Warning:  Use of undefined constant WP_ADMIN_DIR - assumed 'WP_ADMIN_DIR' (this will throw an Error in a future version of PHP) in /app/public/wp-content/themes/amera/functions.php on line 242
[04-Sep-2019 17:03:26 UTC] PHP Warning:  Use of undefined constant WP_ADMIN_DIR - assumed 'WP_ADMIN_DIR' (this will throw an Error in a future version of PHP) in /app/public/wp-content/themes/amera/functions.php on line 242
[04-Sep-2019 17:03:26 UTC] PHP Warning:  Use of undefined constant WP_ADMIN_DIR - assumed 'WP_ADMIN_DIR' (this will throw an Error in a future version of PHP) in /app/public/wp-content/themes/amera/functions.php on line 242
[04-Sep-2019 17:03:26 UTC] PHP Warning:  Use of undefined constant WP_ADMIN_DIR - assumed 'WP_ADMIN_DIR' (this will throw an Error in a future version of PHP) in /app/public/wp-content/themes/amera/functions.php on line 242
[04-Sep-2019 17:03:26 UTC] PHP Warning:  Use of undefined constant WP_ADMIN_DIR - assumed 'WP_ADMIN_DIR' (this will throw an Error in a future version of PHP) in /app/public/wp-content/themes/amera/functions.php on line 242
[04-Sep-2019 17:03:26 UTC] PHP Warning:  Use of undefined constant WP_ADMIN_DIR - assumed 'WP_ADMIN_DIR' (this will throw an Error in a future version of PHP) in /app/public/wp-content/themes/amera/functions.php on line 242
[04-Sep-2019 17:03:26 UTC] PHP Warning:  Use of undefined constant WP_ADMIN_DIR - assumed 'WP_ADMIN_DIR' (this will throw an Error in a future version of PHP) in /app/public/wp-content/themes/amera/functions.php on line 242
[04-Sep-2019 17:03:26 UTC] PHP Warning:  Use of undefined constant WP_ADMIN_DIR - assumed 'WP_ADMIN_DIR' (this will throw an Error in a future version of PHP) in /app/public/wp-content/themes/amera/functions.php on line 242
[04-Sep-2019 17:03:26 UTC] PHP Warning:  Use of undefined constant WP_ADMIN_DIR - assumed 'WP_ADMIN_DIR' (this will throw an Error in a future version of PHP) in /app/public/wp-content/themes/amera/functions.php on line 242
[04-Sep-2019 17:03:28 UTC] PHP Warning:  Use of undefined constant WP_ADMIN_DIR - assumed 'WP_ADMIN_DIR' (this will throw an Error in a future version of PHP) in /app/public/wp-content/themes/amera/functions.php on line 242
[04-Sep-2019 17:03:28 UTC] PHP Warning:  Use of undefined constant WP_ADMIN_DIR - assumed 'WP_ADMIN_DIR' (this will throw an Error in a future version of PHP) in /app/public/wp-content/themes/amera/functions.php on line 242
[04-Sep-2019 17:03:28 UTC] PHP Warning:  Use of undefined constant WP_ADMIN_DIR - assumed 'WP_ADMIN_DIR' (this will throw an Error in a future version of PHP) in /app/public/wp-content/themes/amera/functions.php on line 242
[04-Sep-2019 17:03:28 UTC] PHP Warning:  Use of undefined constant WP_ADMIN_DIR - assumed 'WP_ADMIN_DIR' (this will throw an Error in a future version of PHP) in /app/public/wp-content/themes/amera/functions.php on line 242
[04-Sep-2019 17:03:28 UTC] PHP Warning:  Use of undefined constant WP_ADMIN_DIR - assumed 'WP_ADMIN_DIR' (this will throw an Error in a future version of PHP) in /app/public/wp-content/themes/amera/functions.php on line 242
[04-Sep-2019 17:03:28 UTC] PHP Warning:  Use of undefined constant WP_ADMIN_DIR - assumed 'WP_ADMIN_DIR' (this will throw an Error in a future version of PHP) in /app/public/wp-content/themes/amera/functions.php on line 242
[04-Sep-2019 17:03:28 UTC] PHP Warning:  Use of undefined constant WP_ADMIN_DIR - assumed 'WP_ADMIN_DIR' (this will throw an Error in a future version of PHP) in /app/public/wp-content/themes/amera/functions.php on line 242
[04-Sep-2019 17:03:28 UTC] PHP Warning:  Use of undefined constant WP_ADMIN_DIR - assumed 'WP_ADMIN_DIR' (this will throw an Error in a future version of PHP) in /app/public/wp-content/themes/amera/functions.php on line 242
[04-Sep-2019 17:03:28 UTC] PHP Warning:  Use of undefined constant WP_ADMIN_DIR - assumed 'WP_ADMIN_DIR' (this will throw an Error in a future version of PHP) in /app/public/wp-content/themes/amera/functions.php on line 242
[04-Sep-2019 17:03:28 UTC] PHP Warning:  Use of undefined constant WP_ADMIN_DIR - assumed 'WP_ADMIN_DIR' (this will throw an Error in a future version of PHP) in /app/public/wp-content/themes/amera/functions.php on line 242
[04-Sep-2019 17:03:28 UTC] PHP Warning:  Use of undefined constant WP_ADMIN_DIR - assumed 'WP_ADMIN_DIR' (this will throw an Error in a future version of PHP) in /app/public/wp-content/themes/amera/functions.php on line 242
[04-Sep-2019 17:03:28 UTC] PHP Warning:  Use of undefined constant WP_ADMIN_DIR - assumed 'WP_ADMIN_DIR' (this will throw an Error in a future version of PHP) in /app/public/wp-content/themes/amera/functions.php on line 242
[04-Sep-2019 17:03:28 UTC] PHP Warning:  Use of undefined constant WP_ADMIN_DIR - assumed 'WP_ADMIN_DIR' (this will throw an Error in a future version of PHP) in /app/public/wp-content/themes/amera/functions.php on line 242
[04-Sep-2019 17:03:28 UTC] PHP Warning:  Use of undefined constant WP_ADMIN_DIR - assumed 'WP_ADMIN_DIR' (this will throw an Error in a future version of PHP) in /app/public/wp-content/themes/amera/functions.php on line 242
[04-Sep-2019 17:03:28 UTC] PHP Warning:  Use of undefined constant WP_ADMIN_DIR - assumed 'WP_ADMIN_DIR' (this will throw an Error in a future version of PHP) in /app/public/wp-content/themes/amera/functions.php on line 242
[04-Sep-2019 17:03:28 UTC] PHP Warning:  Use of undefined constant WP_ADMIN_DIR - assumed 'WP_ADMIN_DIR' (this will throw an Error in a future version of PHP) in /app/public/wp-content/themes/amera/functions.php on line 242
[04-Sep-2019 17:03:28 UTC] PHP Warning:  Use of undefined constant WP_ADMIN_DIR - assumed 'WP_ADMIN_DIR' (this will throw an Error in a future version of PHP) in /app/public/wp-content/themes/amera/functions.php on line 242
[04-Sep-2019 17:03:28 UTC] PHP Warning:  Use of undefined constant WP_ADMIN_DIR - assumed 'WP_ADMIN_DIR' (this will throw an Error in a future version of PHP) in /app/public/wp-content/themes/amera/functions.php on line 242
[04-Sep-2019 17:03:28 UTC] PHP Warning:  Use of undefined constant WP_ADMIN_DIR - assumed 'WP_ADMIN_DIR' (this will throw an Error in a future version of PHP) in /app/public/wp-content/themes/amera/functions.php on line 242
[04-Sep-2019 17:03:28 UTC] PHP Warning:  Use of undefined constant WP_ADMIN_DIR - assumed 'WP_ADMIN_DIR' (this will throw an Error in a future version of PHP) in /app/public/wp-content/themes/amera/functions.php on line 242
[04-Sep-2019 17:03:28 UTC] PHP Warning:  Use of undefined constant WP_ADMIN_DIR - assumed 'WP_ADMIN_DIR' (this will throw an Error in a future version of PHP) in /app/public/wp-content/themes/amera/functions.php on line 242
[04-Sep-2019 17:03:28 UTC] PHP Warning:  Use of undefined constant WP_ADMIN_DIR - assumed 'WP_ADMIN_DIR' (this will throw an Error in a future version of PHP) in /app/public/wp-content/themes/amera/functions.php on line 242
[04-Sep-2019 17:03:28 UTC] PHP Warning:  Use of undefined constant WP_ADMIN_DIR - assumed 'WP_ADMIN_DIR' (this will throw an Error in a future version of PHP) in /app/public/wp-content/themes/amera/functions.php on line 242
[04-Sep-2019 17:03:28 UTC] PHP Warning:  Use of undefined constant WP_ADMIN_DIR - assumed 'WP_ADMIN_DIR' (this will throw an Error in a future version of PHP) in /app/public/wp-content/themes/amera/functions.php on line 242
[04-Sep-2019 17:03:28 UTC] PHP Warning:  Use of undefined constant WP_ADMIN_DIR - assumed 'WP_ADMIN_DIR' (this will throw an Error in a future version of PHP) in /app/public/wp-content/themes/amera/functions.php on line 242
[04-Sep-2019 17:03:28 UTC] PHP Warning:  Use of undefined constant WP_ADMIN_DIR - assumed 'WP_ADMIN_DIR' (this will throw an Error in a future version of PHP) in /app/public/wp-content/themes/amera/functions.php on line 242
[04-Sep-2019 17:03:28 UTC] PHP Warning:  Use of undefined constant WP_ADMIN_DIR - assumed 'WP_ADMIN_DIR' (this will throw an Error in a future version of PHP) in /app/public/wp-content/themes/amera/functions.php on line 242
[04-Sep-2019 17:03:28 UTC] PHP Warning:  Use of undefined constant WP_ADMIN_DIR - assumed 'WP_ADMIN_DIR' (this will throw an Error in a future version of PHP) in /app/public/wp-content/themes/amera/functions.php on line 242
[04-Sep-2019 17:03:28 UTC] PHP Warning:  Use of undefined constant WP_ADMIN_DIR - assumed 'WP_ADMIN_DIR' (this will throw an Error in a future version of PHP) in /app/public/wp-content/themes/amera/functions.php on line 242
[04-Sep-2019 17:03:28 UTC] PHP Warning:  Use of undefined constant WP_ADMIN_DIR - assumed 'WP_ADMIN_DIR' (this will throw an Error in a future version of PHP) in /app/public/wp-content/themes/amera/functions.php on line 242
[04-Sep-2019 17:03:28 UTC] PHP Warning:  Use of undefined constant WP_ADMIN_DIR - assumed 'WP_ADMIN_DIR' (this will throw an Error in a future version of PHP) in /app/public/wp-content/themes/amera/functions.php on line 242
[04-Sep-2019 17:03:28 UTC] PHP Warning:  Use of undefined constant WP_ADMIN_DIR - assumed 'WP_ADMIN_DIR' (this will throw an Error in a future version of PHP) in /app/public/wp-content/themes/amera/functions.php on line 242
[04-Sep-2019 17:03:28 UTC] PHP Warning:  Use of undefined constant WP_ADMIN_DIR - assumed 'WP_ADMIN_DIR' (this will throw an Error in a future version of PHP) in /app/public/wp-content/themes/amera/functions.php on line 242
[04-Sep-2019 17:03:28 UTC] PHP Warning:  Use of undefined constant WP_ADMIN_DIR - assumed 'WP_ADMIN_DIR' (this will throw an Error in a future version of PHP) in /app/public/wp-content/themes/amera/functions.php on line 242
[04-Sep-2019 17:03:28 UTC] PHP Warning:  Use of undefined constant WP_ADMIN_DIR - assumed 'WP_ADMIN_DIR' (this will throw an Error in a future version of PHP) in /app/public/wp-content/themes/amera/functions.php on line 242
[04-Sep-2019 17:03:28 UTC] PHP Warning:  Use of undefined constant WP_ADMIN_DIR - assumed 'WP_ADMIN_DIR' (this will throw an Error in a future version of PHP) in /app/public/wp-content/themes/amera/functions.php on line 242
[04-Sep-2019 17:03:28 UTC] PHP Warning:  Use of undefined constant WP_ADMIN_DIR - assumed 'WP_ADMIN_DIR' (this will throw an Error in a future version of PHP) in /app/public/wp-content/themes/amera/functions.php on line 242
[04-Sep-2019 17:03:28 UTC] PHP Warning:  Use of undefined constant WP_ADMIN_DIR - assumed 'WP_ADMIN_DIR' (this will throw an Error in a future version of PHP) in /app/public/wp-content/themes/amera/functions.php on line 242
[04-Sep-2019 17:03:28 UTC] PHP Warning:  Use of undefined constant WP_ADMIN_DIR - assumed 'WP_ADMIN_DIR' (this will throw an Error in a future version of PHP) in /app/public/wp-content/themes/amera/functions.php on line 242
[04-Sep-2019 17:03:28 UTC] PHP Warning:  Use of undefined constant WP_ADMIN_DIR - assumed 'WP_ADMIN_DIR' (this will throw an Error in a future version of PHP) in /app/public/wp-content/themes/amera/functions.php on line 242
[04-Sep-2019 17:03:28 UTC] PHP Warning:  Use of undefined constant WP_ADMIN_DIR - assumed 'WP_ADMIN_DIR' (this will throw an Error in a future version of PHP) in /app/public/wp-content/themes/amera/functions.php on line 242
[04-Sep-2019 17:03:28 UTC] PHP Warning:  Use of undefined constant WP_ADMIN_DIR - assumed 'WP_ADMIN_DIR' (this will throw an Error in a future version of PHP) in /app/public/wp-content/themes/amera/functions.php on line 242
[04-Sep-2019 17:03:28 UTC] PHP Warning:  Use of undefined constant WP_ADMIN_DIR - assumed 'WP_ADMIN_DIR' (this will throw an Error in a future version of PHP) in /app/public/wp-content/themes/amera/functions.php on line 242
[04-Sep-2019 17:03:28 UTC] PHP Warning:  Use of undefined constant WP_ADMIN_DIR - assumed 'WP_ADMIN_DIR' (this will throw an Error in a future version of PHP) in /app/public/wp-content/themes/amera/functions.php on line 242
[04-Sep-2019 17:03:28 UTC] PHP Warning:  Use of undefined constant WP_ADMIN_DIR - assumed 'WP_ADMIN_DIR' (this will throw an Error in a future version of PHP) in /app/public/wp-content/themes/amera/functions.php on line 242
[04-Sep-2019 17:03:28 UTC] PHP Warning:  Use of undefined constant WP_ADMIN_DIR - assumed 'WP_ADMIN_DIR' (this will throw an Error in a future version of PHP) in /app/public/wp-content/themes/amera/functions.php on line 242
[04-Sep-2019 17:03:28 UTC] PHP Warning:  Use of undefined constant WP_ADMIN_DIR - assumed 'WP_ADMIN_DIR' (this will throw an Error in a future version of PHP) in /app/public/wp-content/themes/amera/functions.php on line 242
[04-Sep-2019 17:03:28 UTC] PHP Warning:  Use of undefined constant WP_ADMIN_DIR - assumed 'WP_ADMIN_DIR' (this will throw an Error in a future version of PHP) in /app/public/wp-content/themes/amera/functions.php on line 242
[04-Sep-2019 17:03:28 UTC] PHP Warning:  Use of undefined constant WP_ADMIN_DIR - assumed 'WP_ADMIN_DIR' (this will throw an Error in a future version of PHP) in /app/public/wp-content/themes/amera/functions.php on line 242
[04-Sep-2019 17:03:28 UTC] PHP Warning:  Use of undefined constant WP_ADMIN_DIR - assumed 'WP_ADMIN_DIR' (this will throw an Error in a future version of PHP) in /app/public/wp-content/themes/amera/functions.php on line 242
[04-Sep-2019 17:03:28 UTC] PHP Warning:  Use of undefined constant WP_ADMIN_DIR - assumed 'WP_ADMIN_DIR' (this will throw an Error in a future version of PHP) in /app/public/wp-content/themes/amera/functions.php on line 242
[04-Sep-2019 17:03:28 UTC] PHP Warning:  Use of undefined constant WP_ADMIN_DIR - assumed 'WP_ADMIN_DIR' (this will throw an Error in a future version of PHP) in /app/public/wp-content/themes/amera/functions.php on line 242
[04-Sep-2019 17:03:28 UTC] PHP Warning:  Use of undefined constant WP_ADMIN_DIR - assumed 'WP_ADMIN_DIR' (this will throw an Error in a future version of PHP) in /app/public/wp-content/themes/amera/functions.php on line 242
[04-Sep-2019 17:03:28 UTC] PHP Warning:  Use of undefined constant WP_ADMIN_DIR - assumed 'WP_ADMIN_DIR' (this will throw an Error in a future version of PHP) in /app/public/wp-content/themes/amera/functions.php on line 242
[04-Sep-2019 17:03:28 UTC] PHP Warning:  Use of undefined constant WP_ADMIN_DIR - assumed 'WP_ADMIN_DIR' (this will throw an Error in a future version of PHP) in /app/public/wp-content/themes/amera/functions.php on line 242
[04-Sep-2019 17:03:28 UTC] PHP Warning:  Use of undefined constant WP_ADMIN_DIR - assumed 'WP_ADMIN_DIR' (this will throw an Error in a future version of PHP) in /app/public/wp-content/themes/amera/functions.php on line 242
[04-Sep-2019 17:03:28 UTC] PHP Warning:  Use of undefined constant WP_ADMIN_DIR - assumed 'WP_ADMIN_DIR' (this will throw an Error in a future version of PHP) in /app/public/wp-content/themes/amera/functions.php on line 242
[04-Sep-2019 17:03:28 UTC] PHP Warning:  Use of undefined constant WP_ADMIN_DIR - assumed 'WP_ADMIN_DIR' (this will throw an Error in a future version of PHP) in /app/public/wp-content/themes/amera/functions.php on line 242
[04-Sep-2019 17:03:28 UTC] PHP Warning:  Use of undefined constant WP_ADMIN_DIR - assumed 'WP_ADMIN_DIR' (this will throw an Error in a future version of PHP) in /app/public/wp-content/themes/amera/functions.php on line 242
[04-Sep-2019 17:03:28 UTC] PHP Warning:  Use of undefined constant WP_ADMIN_DIR - assumed 'WP_ADMIN_DIR' (this will throw an Error in a future version of PHP) in /app/public/wp-content/themes/amera/functions.php on line 242
[04-Sep-2019 17:03:28 UTC] PHP Warning:  Use of undefined constant WP_ADMIN_DIR - assumed 'WP_ADMIN_DIR' (this will throw an Error in a future version of PHP) in /app/public/wp-content/themes/amera/functions.php on line 242
[04-Sep-2019 17:03:28 UTC] PHP Warning:  Use of undefined constant WP_ADMIN_DIR - assumed 'WP_ADMIN_DIR' (this will throw an Error in a future version of PHP) in /app/public/wp-content/themes/amera/functions.php on line 242
[04-Sep-2019 17:03:28 UTC] PHP Warning:  Use of undefined constant WP_ADMIN_DIR - assumed 'WP_ADMIN_DIR' (this will throw an Error in a future version of PHP) in /app/public/wp-content/themes/amera/functions.php on line 242
[04-Sep-2019 17:03:28 UTC] PHP Warning:  Use of undefined constant WP_ADMIN_DIR - assumed 'WP_ADMIN_DIR' (this will throw an Error in a future version of PHP) in /app/public/wp-content/themes/amera/functions.php on line 242
[04-Sep-2019 17:03:28 UTC] PHP Warning:  Use of undefined constant WP_ADMIN_DIR - assumed 'WP_ADMIN_DIR' (this will throw an Error in a future version of PHP) in /app/public/wp-content/themes/amera/functions.php on line 242
[04-Sep-2019 17:03:29 UTC] PHP Warning:  Use of undefined constant WP_ADMIN_DIR - assumed 'WP_ADMIN_DIR' (this will throw an Error in a future version of PHP) in /app/public/wp-content/themes/amera/functions.php on line 242
[04-Sep-2019 17:03:29 UTC] PHP Warning:  Use of undefined constant WP_ADMIN_DIR - assumed 'WP_ADMIN_DIR' (this will throw an Error in a future version of PHP) in /app/public/wp-content/themes/amera/functions.php on line 242
[04-Sep-2019 17:03:29 UTC] PHP Warning:  Use of undefined constant WP_ADMIN_DIR - assumed 'WP_ADMIN_DIR' (this will throw an Error in a future version of PHP) in /app/public/wp-content/themes/amera/functions.php on line 242
[04-Sep-2019 17:03:29 UTC] PHP Warning:  Use of undefined constant WP_ADMIN_DIR - assumed 'WP_ADMIN_DIR' (this will throw an Error in a future version of PHP) in /app/public/wp-content/themes/amera/functions.php on line 242
[04-Sep-2019 17:03:29 UTC] PHP Warning:  Use of undefined constant WP_ADMIN_DIR - assumed 'WP_ADMIN_DIR' (this will throw an Error in a future version of PHP) in /app/public/wp-content/themes/amera/functions.php on line 242
[04-Sep-2019 17:03:29 UTC] PHP Warning:  Use of undefined constant WP_ADMIN_DIR - assumed 'WP_ADMIN_DIR' (this will throw an Error in a future version of PHP) in /app/public/wp-content/themes/amera/functions.php on line 242
[04-Sep-2019 17:03:29 UTC] PHP Warning:  Use of undefined constant WP_ADMIN_DIR - assumed 'WP_ADMIN_DIR' (this will throw an Error in a future version of PHP) in /app/public/wp-content/themes/amera/functions.php on line 242
[04-Sep-2019 17:03:29 UTC] PHP Warning:  Use of undefined constant WP_ADMIN_DIR - assumed 'WP_ADMIN_DIR' (this will throw an Error in a future version of PHP) in /app/public/wp-content/themes/amera/functions.php on line 242
[04-Sep-2019 17:03:29 UTC] PHP Warning:  Use of undefined constant WP_ADMIN_DIR - assumed 'WP_ADMIN_DIR' (this will throw an Error in a future version of PHP) in /app/public/wp-content/themes/amera/functions.php on line 242
[04-Sep-2019 17:03:29 UTC] PHP Warning:  Use of undefined constant WP_ADMIN_DIR - assumed 'WP_ADMIN_DIR' (this will throw an Error in a future version of PHP) in /app/public/wp-content/themes/amera/functions.php on line 242
[04-Sep-2019 17:03:29 UTC] PHP Warning:  Use of undefined constant WP_ADMIN_DIR - assumed 'WP_ADMIN_DIR' (this will throw an Error in a future version of PHP) in /app/public/wp-content/themes/amera/functions.php on line 242
[04-Sep-2019 17:03:29 UTC] PHP Warning:  Use of undefined constant WP_ADMIN_DIR - assumed 'WP_ADMIN_DIR' (this will throw an Error in a future version of PHP) in /app/public/wp-content/themes/amera/functions.php on line 242
[04-Sep-2019 17:03:29 UTC] PHP Warning:  Use of undefined constant WP_ADMIN_DIR - assumed 'WP_ADMIN_DIR' (this will throw an Error in a future version of PHP) in /app/public/wp-content/themes/amera/functions.php on line 242
[04-Sep-2019 17:03:29 UTC] PHP Warning:  Use of undefined constant WP_ADMIN_DIR - assumed 'WP_ADMIN_DIR' (this will throw an Error in a future version of PHP) in /app/public/wp-content/themes/amera/functions.php on line 242
[04-Sep-2019 17:03:29 UTC] PHP Warning:  Use of undefined constant WP_ADMIN_DIR - assumed 'WP_ADMIN_DIR' (this will throw an Error in a future version of PHP) in /app/public/wp-content/themes/amera/functions.php on line 242
[04-Sep-2019 17:03:29 UTC] PHP Warning:  Use of undefined constant WP_ADMIN_DIR - assumed 'WP_ADMIN_DIR' (this will throw an Error in a future version of PHP) in /app/public/wp-content/themes/amera/functions.php on line 242
[04-Sep-2019 17:03:29 UTC] PHP Warning:  Use of undefined constant WP_ADMIN_DIR - assumed 'WP_ADMIN_DIR' (this will throw an Error in a future version of PHP) in /app/public/wp-content/themes/amera/functions.php on line 242
[04-Sep-2019 17:03:29 UTC] PHP Warning:  Use of undefined constant WP_ADMIN_DIR - assumed 'WP_ADMIN_DIR' (this will throw an Error in a future version of PHP) in /app/public/wp-content/themes/amera/functions.php on line 242
[04-Sep-2019 17:03:29 UTC] PHP Warning:  Use of undefined constant WP_ADMIN_DIR - assumed 'WP_ADMIN_DIR' (this will throw an Error in a future version of PHP) in /app/public/wp-content/themes/amera/functions.php on line 242
[04-Sep-2019 17:03:29 UTC] PHP Warning:  Use of undefined constant WP_ADMIN_DIR - assumed 'WP_ADMIN_DIR' (this will throw an Error in a future version of PHP) in /app/public/wp-content/themes/amera/functions.php on line 242
[04-Sep-2019 17:03:29 UTC] PHP Warning:  Use of undefined constant WP_ADMIN_DIR - assumed 'WP_ADMIN_DIR' (this will throw an Error in a future version of PHP) in /app/public/wp-content/themes/amera/functions.php on line 242
[04-Sep-2019 17:03:29 UTC] PHP Warning:  Use of undefined constant WP_ADMIN_DIR - assumed 'WP_ADMIN_DIR' (this will throw an Error in a future version of PHP) in /app/public/wp-content/themes/amera/functions.php on line 242
[04-Sep-2019 17:03:29 UTC] PHP Warning:  Use of undefined constant WP_ADMIN_DIR - assumed 'WP_ADMIN_DIR' (this will throw an Error in a future version of PHP) in /app/public/wp-content/themes/amera/functions.php on line 242
[04-Sep-2019 17:03:29 UTC] PHP Warning:  Use of undefined constant WP_ADMIN_DIR - assumed 'WP_ADMIN_DIR' (this will throw an Error in a future version of PHP) in /app/public/wp-content/themes/amera/functions.php on line 242
[04-Sep-2019 17:03:29 UTC] PHP Warning:  Use of undefined constant WP_ADMIN_DIR - assumed 'WP_ADMIN_DIR' (this will throw an Error in a future version of PHP) in /app/public/wp-content/themes/amera/functions.php on line 242
[04-Sep-2019 17:03:29 UTC] PHP Warning:  Use of undefined constant WP_ADMIN_DIR - assumed 'WP_ADMIN_DIR' (this will throw an Error in a future version of PHP) in /app/public/wp-content/themes/amera/functions.php on line 242
[04-Sep-2019 17:03:29 UTC] PHP Warning:  Use of undefined constant WP_ADMIN_DIR - assumed 'WP_ADMIN_DIR' (this will throw an Error in a future version of PHP) in /app/public/wp-content/themes/amera/functions.php on line 242
[04-Sep-2019 17:03:29 UTC] PHP Warning:  Use of undefined constant WP_ADMIN_DIR - assumed 'WP_ADMIN_DIR' (this will throw an Error in a future version of PHP) in /app/public/wp-content/themes/amera/functions.php on line 242
[04-Sep-2019 17:03:29 UTC] PHP Warning:  Use of undefined constant WP_ADMIN_DIR - assumed 'WP_ADMIN_DIR' (this will throw an Error in a future version of PHP) in /app/public/wp-content/themes/amera/functions.php on line 242
[04-Sep-2019 17:03:29 UTC] PHP Warning:  Use of undefined constant WP_ADMIN_DIR - assumed 'WP_ADMIN_DIR' (this will throw an Error in a future version of PHP) in /app/public/wp-content/themes/amera/functions.php on line 242
[04-Sep-2019 17:03:29 UTC] PHP Warning:  Use of undefined constant WP_ADMIN_DIR - assumed 'WP_ADMIN_DIR' (this will throw an Error in a future version of PHP) in /app/public/wp-content/themes/amera/functions.php on line 242
[04-Sep-2019 17:03:29 UTC] PHP Warning:  Use of undefined constant WP_ADMIN_DIR - assumed 'WP_ADMIN_DIR' (this will throw an Error in a future version of PHP) in /app/public/wp-content/themes/amera/functions.php on line 242
[04-Sep-2019 17:03:29 UTC] PHP Warning:  Use of undefined constant WP_ADMIN_DIR - assumed 'WP_ADMIN_DIR' (this will throw an Error in a future version of PHP) in /app/public/wp-content/themes/amera/functions.php on line 242
[04-Sep-2019 17:03:29 UTC] PHP Warning:  Use of undefined constant WP_ADMIN_DIR - assumed 'WP_ADMIN_DIR' (this will throw an Error in a future version of PHP) in /app/public/wp-content/themes/amera/functions.php on line 242
[04-Sep-2019 17:03:29 UTC] PHP Warning:  Use of undefined constant WP_ADMIN_DIR - assumed 'WP_ADMIN_DIR' (this will throw an Error in a future version of PHP) in /app/public/wp-content/themes/amera/functions.php on line 242
[04-Sep-2019 17:03:29 UTC] PHP Warning:  Use of undefined constant WP_ADMIN_DIR - assumed 'WP_ADMIN_DIR' (this will throw an Error in a future version of PHP) in /app/public/wp-content/themes/amera/functions.php on line 242
[04-Sep-2019 17:03:29 UTC] PHP Warning:  Use of undefined constant WP_ADMIN_DIR - assumed 'WP_ADMIN_DIR' (this will throw an Error in a future version of PHP) in /app/public/wp-content/themes/amera/functions.php on line 242
[04-Sep-2019 17:03:29 UTC] PHP Warning:  Use of undefined constant WP_ADMIN_DIR - assumed 'WP_ADMIN_DIR' (this will throw an Error in a future version of PHP) in /app/public/wp-content/themes/amera/functions.php on line 242
[04-Sep-2019 17:03:29 UTC] PHP Warning:  Use of undefined constant WP_ADMIN_DIR - assumed 'WP_ADMIN_DIR' (this will throw an Error in a future version of PHP) in /app/public/wp-content/themes/amera/functions.php on line 242
[04-Sep-2019 17:03:29 UTC] PHP Warning:  Use of undefined constant WP_ADMIN_DIR - assumed 'WP_ADMIN_DIR' (this will throw an Error in a future version of PHP) in /app/public/wp-content/themes/amera/functions.php on line 242
[04-Sep-2019 17:03:29 UTC] PHP Warning:  Use of undefined constant WP_ADMIN_DIR - assumed 'WP_ADMIN_DIR' (this will throw an Error in a future version of PHP) in /app/public/wp-content/themes/amera/functions.php on line 242
[04-Sep-2019 17:03:29 UTC] PHP Warning:  Use of undefined constant WP_ADMIN_DIR - assumed 'WP_ADMIN_DIR' (this will throw an Error in a future version of PHP) in /app/public/wp-content/themes/amera/functions.php on line 242
[04-Sep-2019 17:03:29 UTC] PHP Warning:  Use of undefined constant WP_ADMIN_DIR - assumed 'WP_ADMIN_DIR' (this will throw an Error in a future version of PHP) in /app/public/wp-content/themes/amera/functions.php on line 242
[04-Sep-2019 17:03:29 UTC] PHP Warning:  Use of undefined constant WP_ADMIN_DIR - assumed 'WP_ADMIN_DIR' (this will throw an Error in a future version of PHP) in /app/public/wp-content/themes/amera/functions.php on line 242
[04-Sep-2019 17:03:29 UTC] PHP Warning:  Use of undefined constant WP_ADMIN_DIR - assumed 'WP_ADMIN_DIR' (this will throw an Error in a future version of PHP) in /app/public/wp-content/themes/amera/functions.php on line 242
[04-Sep-2019 17:03:29 UTC] PHP Warning:  Use of undefined constant WP_ADMIN_DIR - assumed 'WP_ADMIN_DIR' (this will throw an Error in a future version of PHP) in /app/public/wp-content/themes/amera/functions.php on line 242
[04-Sep-2019 17:03:29 UTC] PHP Warning:  Use of undefined constant WP_ADMIN_DIR - assumed 'WP_ADMIN_DIR' (this will throw an Error in a future version of PHP) in /app/public/wp-content/themes/amera/functions.php on line 242
[04-Sep-2019 17:03:29 UTC] PHP Warning:  Use of undefined constant WP_ADMIN_DIR - assumed 'WP_ADMIN_DIR' (this will throw an Error in a future version of PHP) in /app/public/wp-content/themes/amera/functions.php on line 242
[04-Sep-2019 17:03:29 UTC] PHP Warning:  Use of undefined constant WP_ADMIN_DIR - assumed 'WP_ADMIN_DIR' (this will throw an Error in a future version of PHP) in /app/public/wp-content/themes/amera/functions.php on line 242
[04-Sep-2019 17:03:29 UTC] PHP Warning:  Use of undefined constant WP_ADMIN_DIR - assumed 'WP_ADMIN_DIR' (this will throw an Error in a future version of PHP) in /app/public/wp-content/themes/amera/functions.php on line 242
[04-Sep-2019 17:03:29 UTC] PHP Warning:  Use of undefined constant WP_ADMIN_DIR - assumed 'WP_ADMIN_DIR' (this will throw an Error in a future version of PHP) in /app/public/wp-content/themes/amera/functions.php on line 242
[04-Sep-2019 17:03:29 UTC] PHP Warning:  Use of undefined constant WP_ADMIN_DIR - assumed 'WP_ADMIN_DIR' (this will throw an Error in a future version of PHP) in /app/public/wp-content/themes/amera/functions.php on line 242
[04-Sep-2019 17:03:29 UTC] PHP Warning:  Use of undefined constant WP_ADMIN_DIR - assumed 'WP_ADMIN_DIR' (this will throw an Error in a future version of PHP) in /app/public/wp-content/themes/amera/functions.php on line 242
[04-Sep-2019 17:03:29 UTC] PHP Warning:  Use of undefined constant WP_ADMIN_DIR - assumed 'WP_ADMIN_DIR' (this will throw an Error in a future version of PHP) in /app/public/wp-content/themes/amera/functions.php on line 242
[04-Sep-2019 17:03:29 UTC] PHP Warning:  Use of undefined constant WP_ADMIN_DIR - assumed 'WP_ADMIN_DIR' (this will throw an Error in a future version of PHP) in /app/public/wp-content/themes/amera/functions.php on line 242
[04-Sep-2019 17:03:29 UTC] PHP Warning:  Use of undefined constant WP_ADMIN_DIR - assumed 'WP_ADMIN_DIR' (this will throw an Error in a future version of PHP) in /app/public/wp-content/themes/amera/functions.php on line 242
[04-Sep-2019 17:03:29 UTC] PHP Warning:  Use of undefined constant WP_ADMIN_DIR - assumed 'WP_ADMIN_DIR' (this will throw an Error in a future version of PHP) in /app/public/wp-content/themes/amera/functions.php on line 242
[04-Sep-2019 17:03:29 UTC] PHP Warning:  Use of undefined constant WP_ADMIN_DIR - assumed 'WP_ADMIN_DIR' (this will throw an Error in a future version of PHP) in /app/public/wp-content/themes/amera/functions.php on line 242
[04-Sep-2019 17:03:29 UTC] PHP Warning:  Use of undefined constant WP_ADMIN_DIR - assumed 'WP_ADMIN_DIR' (this will throw an Error in a future version of PHP) in /app/public/wp-content/themes/amera/functions.php on line 242
[04-Sep-2019 17:03:29 UTC] PHP Warning:  Use of undefined constant WP_ADMIN_DIR - assumed 'WP_ADMIN_DIR' (this will throw an Error in a future version of PHP) in /app/public/wp-content/themes/amera/functions.php on line 242
[04-Sep-2019 17:03:29 UTC] PHP Warning:  Use of undefined constant WP_ADMIN_DIR - assumed 'WP_ADMIN_DIR' (this will throw an Error in a future version of PHP) in /app/public/wp-content/themes/amera/functions.php on line 242
[04-Sep-2019 17:03:29 UTC] PHP Warning:  Use of undefined constant WP_ADMIN_DIR - assumed 'WP_ADMIN_DIR' (this will throw an Error in a future version of PHP) in /app/public/wp-content/themes/amera/functions.php on line 242
[04-Sep-2019 17:03:29 UTC] PHP Warning:  Use of undefined constant WP_ADMIN_DIR - assumed 'WP_ADMIN_DIR' (this will throw an Error in a future version of PHP) in /app/public/wp-content/themes/amera/functions.php on line 242
[04-Sep-2019 17:03:29 UTC] PHP Warning:  Use of undefined constant WP_ADMIN_DIR - assumed 'WP_ADMIN_DIR' (this will throw an Error in a future version of PHP) in /app/public/wp-content/themes/amera/functions.php on line 242
[04-Sep-2019 17:03:29 UTC] PHP Warning:  Use of undefined constant WP_ADMIN_DIR - assumed 'WP_ADMIN_DIR' (this will throw an Error in a future version of PHP) in /app/public/wp-content/themes/amera/functions.php on line 242
[04-Sep-2019 17:03:29 UTC] PHP Warning:  Use of undefined constant WP_ADMIN_DIR - assumed 'WP_ADMIN_DIR' (this will throw an Error in a future version of PHP) in /app/public/wp-content/themes/amera/functions.php on line 242
[04-Sep-2019 17:03:29 UTC] PHP Warning:  Use of undefined constant WP_ADMIN_DIR - assumed 'WP_ADMIN_DIR' (this will throw an Error in a future version of PHP) in /app/public/wp-content/themes/amera/functions.php on line 242
[04-Sep-2019 17:03:29 UTC] PHP Warning:  Use of undefined constant WP_ADMIN_DIR - assumed 'WP_ADMIN_DIR' (this will throw an Error in a future version of PHP) in /app/public/wp-content/themes/amera/functions.php on line 242
[04-Sep-2019 17:03:29 UTC] PHP Warning:  Use of undefined constant WP_ADMIN_DIR - assumed 'WP_ADMIN_DIR' (this will throw an Error in a future version of PHP) in /app/public/wp-content/themes/amera/functions.php on line 242
[04-Sep-2019 17:03:29 UTC] PHP Warning:  Use of undefined constant WP_ADMIN_DIR - assumed 'WP_ADMIN_DIR' (this will throw an Error in a future version of PHP) in /app/public/wp-content/themes/amera/functions.php on line 242
[04-Sep-2019 17:03:29 UTC] PHP Warning:  Use of undefined constant WP_ADMIN_DIR - assumed 'WP_ADMIN_DIR' (this will throw an Error in a future version of PHP) in /app/public/wp-content/themes/amera/functions.php on line 242
[04-Sep-2019 17:03:29 UTC] PHP Warning:  Use of undefined constant WP_ADMIN_DIR - assumed 'WP_ADMIN_DIR' (this will throw an Error in a future version of PHP) in /app/public/wp-content/themes/amera/functions.php on line 242
[04-Sep-2019 17:03:29 UTC] PHP Warning:  Use of undefined constant WP_ADMIN_DIR - assumed 'WP_ADMIN_DIR' (this will throw an Error in a future version of PHP) in /app/public/wp-content/themes/amera/functions.php on line 242
[04-Sep-2019 17:03:29 UTC] PHP Warning:  Use of undefined constant WP_ADMIN_DIR - assumed 'WP_ADMIN_DIR' (this will throw an Error in a future version of PHP) in /app/public/wp-content/themes/amera/functions.php on line 242
[04-Sep-2019 17:03:29 UTC] PHP Warning:  Use of undefined constant WP_ADMIN_DIR - assumed 'WP_ADMIN_DIR' (this will throw an Error in a future version of PHP) in /app/public/wp-content/themes/amera/functions.php on line 242
[04-Sep-2019 17:03:29 UTC] PHP Warning:  Use of undefined constant WP_ADMIN_DIR - assumed 'WP_ADMIN_DIR' (this will throw an Error in a future version of PHP) in /app/public/wp-content/themes/amera/functions.php on line 242
[04-Sep-2019 17:03:29 UTC] PHP Warning:  Use of undefined constant WP_ADMIN_DIR - assumed 'WP_ADMIN_DIR' (this will throw an Error in a future version of PHP) in /app/public/wp-content/themes/amera/functions.php on line 242
[04-Sep-2019 17:03:29 UTC] PHP Warning:  Use of undefined constant WP_ADMIN_DIR - assumed 'WP_ADMIN_DIR' (this will throw an Error in a future version of PHP) in /app/public/wp-content/themes/amera/functions.php on line 242
[04-Sep-2019 17:03:29 UTC] PHP Warning:  Use of undefined constant WP_ADMIN_DIR - assumed 'WP_ADMIN_DIR' (this will throw an Error in a future version of PHP) in /app/public/wp-content/themes/amera/functions.php on line 242
[04-Sep-2019 17:03:29 UTC] PHP Warning:  Use of undefined constant WP_ADMIN_DIR - assumed 'WP_ADMIN_DIR' (this will throw an Error in a future version of PHP) in /app/public/wp-content/themes/amera/functions.php on line 242
[04-Sep-2019 17:03:29 UTC] PHP Warning:  Use of undefined constant WP_ADMIN_DIR - assumed 'WP_ADMIN_DIR' (this will throw an Error in a future version of PHP) in /app/public/wp-content/themes/amera/functions.php on line 242
[04-Sep-2019 17:03:29 UTC] PHP Warning:  Use of undefined constant WP_ADMIN_DIR - assumed 'WP_ADMIN_DIR' (this will throw an Error in a future version of PHP) in /app/public/wp-content/themes/amera/functions.php on line 242
[04-Sep-2019 17:03:29 UTC] PHP Warning:  Use of undefined constant WP_ADMIN_DIR - assumed 'WP_ADMIN_DIR' (this will throw an Error in a future version of PHP) in /app/public/wp-content/themes/amera/functions.php on line 242
[04-Sep-2019 17:03:29 UTC] PHP Warning:  Use of undefined constant WP_ADMIN_DIR - assumed 'WP_ADMIN_DIR' (this will throw an Error in a future version of PHP) in /app/public/wp-content/themes/amera/functions.php on line 242
[04-Sep-2019 17:03:29 UTC] PHP Warning:  Use of undefined constant WP_ADMIN_DIR - assumed 'WP_ADMIN_DIR' (this will throw an Error in a future version of PHP) in /app/public/wp-content/themes/amera/functions.php on line 242
[04-Sep-2019 17:03:29 UTC] PHP Warning:  Use of undefined constant WP_ADMIN_DIR - assumed 'WP_ADMIN_DIR' (this will throw an Error in a future version of PHP) in /app/public/wp-content/themes/amera/functions.php on line 242
[04-Sep-2019 17:03:29 UTC] PHP Warning:  Use of undefined constant WP_ADMIN_DIR - assumed 'WP_ADMIN_DIR' (this will throw an Error in a future version of PHP) in /app/public/wp-content/themes/amera/functions.php on line 242
[04-Sep-2019 17:03:29 UTC] PHP Warning:  Use of undefined constant WP_ADMIN_DIR - assumed 'WP_ADMIN_DIR' (this will throw an Error in a future version of PHP) in /app/public/wp-content/themes/amera/functions.php on line 242
[04-Sep-2019 17:03:29 UTC] PHP Warning:  Use of undefined constant WP_ADMIN_DIR - assumed 'WP_ADMIN_DIR' (this will throw an Error in a future version of PHP) in /app/public/wp-content/themes/amera/functions.php on line 242
[04-Sep-2019 17:03:29 UTC] PHP Warning:  Use of undefined constant WP_ADMIN_DIR - assumed 'WP_ADMIN_DIR' (this will throw an Error in a future version of PHP) in /app/public/wp-content/themes/amera/functions.php on line 242
[04-Sep-2019 17:03:29 UTC] PHP Warning:  Use of undefined constant WP_ADMIN_DIR - assumed 'WP_ADMIN_DIR' (this will throw an Error in a future version of PHP) in /app/public/wp-content/themes/amera/functions.php on line 242
[04-Sep-2019 17:03:29 UTC] PHP Warning:  Use of undefined constant WP_ADMIN_DIR - assumed 'WP_ADMIN_DIR' (this will throw an Error in a future version of PHP) in /app/public/wp-content/themes/amera/functions.php on line 242
[04-Sep-2019 17:03:29 UTC] PHP Warning:  Use of undefined constant WP_ADMIN_DIR - assumed 'WP_ADMIN_DIR' (this will throw an Error in a future version of PHP) in /app/public/wp-content/themes/amera/functions.php on line 242
[04-Sep-2019 17:03:29 UTC] PHP Warning:  Use of undefined constant WP_ADMIN_DIR - assumed 'WP_ADMIN_DIR' (this will throw an Error in a future version of PHP) in /app/public/wp-content/themes/amera/functions.php on line 242
[04-Sep-2019 17:03:29 UTC] PHP Warning:  Use of undefined constant WP_ADMIN_DIR - assumed 'WP_ADMIN_DIR' (this will throw an Error in a future version of PHP) in /app/public/wp-content/themes/amera/functions.php on line 242
[04-Sep-2019 17:03:29 UTC] PHP Warning:  Use of undefined constant WP_ADMIN_DIR - assumed 'WP_ADMIN_DIR' (this will throw an Error in a future version of PHP) in /app/public/wp-content/themes/amera/functions.php on line 242
[04-Sep-2019 17:03:29 UTC] PHP Warning:  Use of undefined constant WP_ADMIN_DIR - assumed 'WP_ADMIN_DIR' (this will throw an Error in a future version of PHP) in /app/public/wp-content/themes/amera/functions.php on line 242
[04-Sep-2019 17:03:29 UTC] PHP Warning:  Use of undefined constant WP_ADMIN_DIR - assumed 'WP_ADMIN_DIR' (this will throw an Error in a future version of PHP) in /app/public/wp-content/themes/amera/functions.php on line 242
[04-Sep-2019 17:03:29 UTC] PHP Warning:  Use of undefined constant WP_ADMIN_DIR - assumed 'WP_ADMIN_DIR' (this will throw an Error in a future version of PHP) in /app/public/wp-content/themes/amera/functions.php on line 242
[04-Sep-2019 17:03:29 UTC] PHP Warning:  Use of undefined constant WP_ADMIN_DIR - assumed 'WP_ADMIN_DIR' (this will throw an Error in a future version of PHP) in /app/public/wp-content/themes/amera/functions.php on line 242
[04-Sep-2019 17:03:29 UTC] PHP Warning:  Use of undefined constant WP_ADMIN_DIR - assumed 'WP_ADMIN_DIR' (this will throw an Error in a future version of PHP) in /app/public/wp-content/themes/amera/functions.php on line 242
[04-Sep-2019 17:03:29 UTC] PHP Warning:  Use of undefined constant WP_ADMIN_DIR - assumed 'WP_ADMIN_DIR' (this will throw an Error in a future version of PHP) in /app/public/wp-content/themes/amera/functions.php on line 242
[04-Sep-2019 17:03:29 UTC] PHP Warning:  Use of undefined constant WP_ADMIN_DIR - assumed 'WP_ADMIN_DIR' (this will throw an Error in a future version of PHP) in /app/public/wp-content/themes/amera/functions.php on line 242
[04-Sep-2019 17:03:29 UTC] PHP Warning:  Use of undefined constant WP_ADMIN_DIR - assumed 'WP_ADMIN_DIR' (this will throw an Error in a future version of PHP) in /app/public/wp-content/themes/amera/functions.php on line 242
[04-Sep-2019 17:03:29 UTC] PHP Warning:  Use of undefined constant WP_ADMIN_DIR - assumed 'WP_ADMIN_DIR' (this will throw an Error in a future version of PHP) in /app/public/wp-content/themes/amera/functions.php on line 242
[04-Sep-2019 17:03:29 UTC] PHP Warning:  Use of undefined constant WP_ADMIN_DIR - assumed 'WP_ADMIN_DIR' (this will throw an Error in a future version of PHP) in /app/public/wp-content/themes/amera/functions.php on line 242
[04-Sep-2019 22:14:31 UTC] PHP Fatal error:  Cannot redeclare ajax_login() (previously declared in /app/public/wp-content/themes/amera/functions.php:219) in /app/public/wp-content/themes/amera/functions.php on line 280
[04-Sep-2019 22:16:32 UTC] PHP Fatal error:  Cannot redeclare ajax_login() (previously declared in /app/public/wp-content/themes/amera/functions.php:219) in /app/public/wp-content/themes/amera/functions.php on line 280
[06-Sep-2019 04:10:08 UTC] PHP Parse error:  syntax error, unexpected '94' (T_LNUMBER), expecting ',' or ')' in /app/public/wp-content/themes/amera/header.php on line 100
[06-Sep-2019 04:10:10 UTC] PHP Parse error:  syntax error, unexpected '94' (T_LNUMBER), expecting ',' or ')' in /app/public/wp-content/themes/amera/header.php on line 100
[06-Sep-2019 04:10:21 UTC] PHP Parse error:  syntax error, unexpected '94' (T_LNUMBER), expecting ',' or ')' in /app/public/wp-content/themes/amera/header.php on line 100
[06-Sep-2019 04:11:08 UTC] PHP Parse error:  syntax error, unexpected '94' (T_LNUMBER), expecting ',' or ')' in /app/public/wp-content/themes/amera/header.php on line 83
[06-Sep-2019 04:11:10 UTC] PHP Parse error:  syntax error, unexpected '94' (T_LNUMBER), expecting ',' or ')' in /app/public/wp-content/themes/amera/header.php on line 83
[06-Sep-2019 04:30:41 UTC] PHP Fatal error:  Cannot redeclare ajax_login() (previously declared in /app/public/wp-content/themes/amera/functions.php:223) in /app/public/wp-content/themes/amera/libs/custom-ajax-auth.php on line 32
[06-Sep-2019 04:32:31 UTC] PHP Parse error:  syntax error, unexpected '/' in /app/public/wp-content/themes/amera/libs/custom-ajax-auth.php on line 14
[24-Sep-2019 17:07:58 UTC] PHP Warning:  call_user_func_array() expects parameter 1 to be a valid callback, function 'install_wpct' not found or invalid function name in /app/public/wp-includes/class-wp-hook.php on line 286
[24-Sep-2019 17:08:09 UTC] PHP Warning:  call_user_func_array() expects parameter 1 to be a valid callback, function 'uninstall_wpct' not found or invalid function name in /app/public/wp-includes/class-wp-hook.php on line 286
[11-Oct-2019 23:45:34 UTC] PHP Warning:  call_user_func_array() expects parameter 1 to be a valid callback, function 'my_login_logo' not found or invalid function name in /app/public/wp-includes/class-wp-hook.php on line 286
[11-Oct-2019 23:45:36 UTC] PHP Warning:  call_user_func_array() expects parameter 1 to be a valid callback, function 'my_login_logo' not found or invalid function name in /app/public/wp-includes/class-wp-hook.php on line 286
[14-Oct-2019 16:34:03 UTC] PHP Parse error:  syntax error, unexpected ',' in /app/public/wp-content/plugins/profile-fields.php on line 74
[14-Oct-2019 16:34:03 UTC] PHP Parse error:  syntax error, unexpected ',' in /app/public/wp-content/plugins/profile-fields.php on line 74
[14-Oct-2019 16:53:55 UTC] PHP Fatal error:  Cannot redeclare crf_update_profile_fields() (previously declared in /app/public/wp-content/plugins/profile-fields.php:58) in /app/public/wp-content/plugins/profile-fields-ai.php on line 56
[14-Oct-2019 16:53:55 UTC] PHP Fatal error:  Cannot redeclare crf_update_profile_fields() (previously declared in /app/public/wp-content/plugins/profile-fields.php:58) in /app/public/wp-content/plugins/profile-fields-ai.php on line 56
[14-Oct-2019 16:54:30 UTC] PHP Fatal error:  Cannot redeclare crf_user_profile_update_errors() (previously declared in /app/public/wp-content/plugins/profile-fields.php:40) in /app/public/wp-content/plugins/profile-fields-ai.php on line 38
[14-Oct-2019 16:54:31 UTC] PHP Fatal error:  Cannot redeclare crf_user_profile_update_errors() (previously declared in /app/public/wp-content/plugins/profile-fields.php:40) in /app/public/wp-content/plugins/profile-fields-ai.php on line 38
[14-Oct-2019 16:54:50 UTC] PHP Fatal error:  Cannot redeclare crf_show_extra_profile_fields() (previously declared in /app/public/wp-content/plugins/profile-fields.php:16) in /app/public/wp-content/plugins/profile-fields-ai.php on line 16
[14-Oct-2019 16:54:50 UTC] PHP Fatal error:  Cannot redeclare crf_show_extra_profile_fields() (previously declared in /app/public/wp-content/plugins/profile-fields.php:16) in /app/public/wp-content/plugins/profile-fields-ai.php on line 16
[14-Oct-2019 17:16:20 UTC] PHP Fatal error:  Cannot redeclare crf_update_profile_fields_2() (previously declared in /app/public/wp-content/plugins/profile-fields-ai.php:36) in /app/public/wp-content/plugins/profile-fields.php on line 93
[14-Oct-2019 17:16:23 UTC] PHP Fatal error:  Cannot redeclare crf_update_profile_fields_2() (previously declared in /app/public/wp-content/plugins/profile-fields-ai.php:36) in /app/public/wp-content/plugins/profile-fields.php on line 93
[14-Oct-2019 17:20:48 UTC] PHP Fatal error:  Cannot redeclare crf_user_profile_update_errors() (previously declared in /app/public/wp-content/plugins/profile-fields.php:42) in /app/public/wp-content/plugins/profile-fields.php on line 110
[14-Oct-2019 17:25:38 UTC] PHP Warning:  call_user_func_array() expects parameter 1 to be a valid callback, function 'show_extra_profile_fields_cgn' not found or invalid function name in /app/public/wp-includes/class-wp-hook.php on line 286
[14-Oct-2019 17:39:41 UTC] PHP Fatal error:  Cannot redeclare update_profile_fields_cgn() (previously declared in /app/public/wp-content/plugins/profile-fields.php:77) in /app/public/wp-content/plugins/profile-fields.php on line 157
[14-Oct-2019 18:18:47 UTC] PHP Parse error:  syntax error, unexpected '$user_register' (T_VARIABLE) in /app/public/wp-content/themes/amera/libs/custom-ajax-auth.php on line 55
[17-Oct-2019 15:36:53 UTC] PHP Warning:  An unexpected error occurred. Something may be wrong with WordPress.org or this server&#8217;s configuration. If you continue to have problems, please try the <a href="https://wordpress.org/support/">support forums</a>. (WordPress could not establish a secure connection to WordPress.org. Please contact your server administrator.) in /app/public/wp-includes/update.php on line 160
