[03-Sep-2019 16:12:36] NOTICE: fpm is running, pid 16
[03-Sep-2019 16:12:36] NOTICE: ready to handle connections
[04-Sep-2019 00:24:19] NOTICE: Terminating ...
[04-Sep-2019 00:24:19] NOTICE: exiting, bye-bye!
[04-Sep-2019 15:30:45] NOTICE: fpm is running, pid 56
[04-Sep-2019 15:30:45] NOTICE: ready to handle connections
[05-Sep-2019 22:35:04] NOTICE: Terminating ...
[05-Sep-2019 22:35:04] NOTICE: exiting, bye-bye!
[05-Sep-2019 22:35:17] NOTICE: fpm is running, pid 60
[05-Sep-2019 22:35:17] NOTICE: ready to handle connections
[06-Sep-2019 03:53:44] NOTICE: fpm is running, pid 60
[06-Sep-2019 03:53:44] NOTICE: ready to handle connections
[06-Sep-2019 04:53:05] NOTICE: Terminating ...
[06-Sep-2019 04:53:05] NOTICE: exiting, bye-bye!
[06-Sep-2019 04:53:12] NOTICE: fpm is running, pid 54
[06-Sep-2019 04:53:12] NOTICE: ready to handle connections
[06-Sep-2019 15:32:14] NOTICE: fpm is running, pid 56
[06-Sep-2019 15:32:14] NOTICE: ready to handle connections
[06-Sep-2019 23:44:50] NOTICE: Terminating ...
[06-Sep-2019 23:44:50] NOTICE: exiting, bye-bye!
[09-Sep-2019 01:41:40] NOTICE: fpm is running, pid 56
[09-Sep-2019 01:41:40] NOTICE: ready to handle connections
[09-Sep-2019 02:55:53] NOTICE: Terminating ...
[09-Sep-2019 02:55:53] NOTICE: exiting, bye-bye!
[09-Sep-2019 15:27:01] NOTICE: fpm is running, pid 60
[09-Sep-2019 15:27:01] NOTICE: ready to handle connections
[15-Sep-2019 18:13:53] NOTICE: fpm is running, pid 60
[15-Sep-2019 18:13:53] NOTICE: ready to handle connections
[15-Sep-2019 18:20:43] NOTICE: Terminating ...
[15-Sep-2019 18:20:43] NOTICE: exiting, bye-bye!
[17-Sep-2019 23:25:34] NOTICE: fpm is running, pid 56
[17-Sep-2019 23:25:34] NOTICE: ready to handle connections
[17-Sep-2019 23:42:02] NOTICE: Terminating ...
[17-Sep-2019 23:42:02] NOTICE: exiting, bye-bye!
[18-Sep-2019 23:03:48] NOTICE: fpm is running, pid 57
[18-Sep-2019 23:03:48] NOTICE: ready to handle connections
[20-Sep-2019 15:10:44] NOTICE: Terminating ...
[20-Sep-2019 15:10:44] NOTICE: exiting, bye-bye!
[20-Sep-2019 15:10:55] NOTICE: fpm is running, pid 54
[20-Sep-2019 15:10:55] NOTICE: ready to handle connections
[23-Sep-2019 19:23:19] NOTICE: fpm is running, pid 57
[23-Sep-2019 19:23:19] NOTICE: ready to handle connections
[24-Sep-2019 19:31:49] NOTICE: fpm is running, pid 62
[24-Sep-2019 19:31:49] NOTICE: ready to handle connections
[25-Sep-2019 18:51:11] NOTICE: fpm is running, pid 59
[25-Sep-2019 18:51:11] NOTICE: ready to handle connections
[27-Sep-2019 21:09:59] NOTICE: fpm is running, pid 61
[27-Sep-2019 21:09:59] NOTICE: ready to handle connections
[02-Oct-2019 00:05:21] NOTICE: fpm is running, pid 60
[02-Oct-2019 00:05:21] NOTICE: ready to handle connections
[02-Oct-2019 00:27:20] NOTICE: Terminating ...
[02-Oct-2019 00:27:20] NOTICE: exiting, bye-bye!
[02-Oct-2019 15:44:23] NOTICE: fpm is running, pid 60
[02-Oct-2019 15:44:23] NOTICE: ready to handle connections
[03-Oct-2019 21:18:17] NOTICE: Terminating ...
[03-Oct-2019 21:18:17] NOTICE: exiting, bye-bye!
[07-Oct-2019 00:07:27] NOTICE: fpm is running, pid 56
[07-Oct-2019 00:07:27] NOTICE: ready to handle connections
[09-Oct-2019 19:39:30] NOTICE: fpm is running, pid 70
[09-Oct-2019 19:39:30] NOTICE: ready to handle connections
[10-Oct-2019 14:59:22] NOTICE: fpm is running, pid 57
[10-Oct-2019 14:59:22] NOTICE: ready to handle connections
[11-Oct-2019 19:38:35] NOTICE: fpm is running, pid 60
[11-Oct-2019 19:38:35] NOTICE: ready to handle connections
[11-Oct-2019 21:14:25] NOTICE: Terminating ...
[11-Oct-2019 21:14:25] NOTICE: exiting, bye-bye!
[11-Oct-2019 23:40:41] NOTICE: fpm is running, pid 56
[11-Oct-2019 23:40:41] NOTICE: ready to handle connections
[12-Oct-2019 00:06:26] NOTICE: Terminating ...
[12-Oct-2019 00:06:26] NOTICE: exiting, bye-bye!
